This is pdfTeX, Version 3.1415926-2.3-1.40.12 (MiKTeX 2.9) (preloaded format=pdflatex 2011.10.11)  11 OCT 2011 22:42
entering extended mode
**refman
(A:\eclipse\mhvlib\docs\latex\refman.tex
LaTeX2e <2011/06/27>
Babel <v3.8m> and hyphenation patterns for english, afrikaans, ancientgreek, ar
abic, armenian, assamese, basque, bengali, bokmal, bulgarian, catalan, coptic, 
croatian, czech, danish, dutch, esperanto, estonian, farsi, finnish, french, ga
lician, german, german-x-2009-06-19, greek, gujarati, hindi, hungarian, iceland
ic, indonesian, interlingua, irish, italian, kannada, kurmanji, lao, latin, lat
vian, lithuanian, malayalam, marathi, mongolian, mongolianlmc, monogreek, ngerm
an, ngerman-x-2009-06-19, nynorsk, oriya, panjabi, pinyin, polish, portuguese, 
romanian, russian, sanskrit, serbian, slovak, slovenian, spanish, swedish, swis
sgerman, tamil, telugu, turkish, turkmen, ukenglish, ukrainian, uppersorbian, u
senglishmax, welsh, loaded.
("C:\Program Files (x86)\MiKTeX 2.9\tex\latex\base\book.cls"
Document Class: book 2007/10/19 v1.4h Standard LaTeX document class
("C:\Program Files (x86)\MiKTeX 2.9\tex\latex\base\bk10.clo"
File: bk10.clo 2007/10/19 v1.4h Standard LaTeX file (size option)
)
\c@part=\count79
\c@chapter=\count80
\c@section=\count81
\c@subsection=\count82
\c@subsubsection=\count83
\c@paragraph=\count84
\c@subparagraph=\count85
\c@figure=\count86
\c@table=\count87
\abovecaptionskip=\skip41
\belowcaptionskip=\skip42
\bibindent=\dimen102
)
("C:\Program Files (x86)\MiKTeX 2.9\tex\latex\base\makeidx.sty"
Package: makeidx 2000/03/29 v1.0m Standard LaTeX package
)
("C:\Program Files (x86)\MiKTeX 2.9\tex\latex\natbib\natbib.sty"
Package: natbib 2010/09/13 8.31b (PWD, AO)
\bibhang=\skip43
\bibsep=\skip44
LaTeX Info: Redefining \cite on input line 694.
\c@NAT@ctr=\count88
)
("C:\Program Files (x86)\MiKTeX 2.9\tex\latex\graphics\graphicx.sty"
Package: graphicx 1999/02/16 v1.0f Enhanced LaTeX Graphics (DPC,SPQR)

("C:\Program Files (x86)\MiKTeX 2.9\tex\latex\graphics\keyval.sty"
Package: keyval 1999/03/16 v1.13 key=value parser (DPC)
\KV@toks@=\toks14
)
("C:\Program Files (x86)\MiKTeX 2.9\tex\latex\graphics\graphics.sty"
Package: graphics 2009/02/05 v1.0o Standard LaTeX Graphics (DPC,SPQR)

("C:\Program Files (x86)\MiKTeX 2.9\tex\latex\graphics\trig.sty"
Package: trig 1999/03/16 v1.09 sin cos tan (DPC)
)
("C:\Program Files (x86)\MiKTeX 2.9\tex\latex\00miktex\graphics.cfg"
File: graphics.cfg 2007/01/18 v1.5 graphics configuration of teTeX/TeXLive
)
Package graphics Info: Driver file: pdftex.def on input line 91.

("C:\Program Files (x86)\MiKTeX 2.9\tex\latex\pdftex-def\pdftex.def"
File: pdftex.def 2011/05/27 v0.06d Graphics/color for pdfTeX

("C:\Program Files (x86)\MiKTeX 2.9\tex\generic\oberdiek\infwarerr.sty"
Package: infwarerr 2010/04/08 v1.3 Providing info/warning/message (HO)
)
("C:\Program Files (x86)\MiKTeX 2.9\tex\generic\oberdiek\ltxcmds.sty"
Package: ltxcmds 2011/04/18 v1.20 LaTeX kernel commands for general use (HO)
)
\Gread@gobject=\count89
))
\Gin@req@height=\dimen103
\Gin@req@width=\dimen104
)
("C:\Program Files (x86)\MiKTeX 2.9\tex\latex\tools\multicol.sty"
Package: multicol 2011/06/27 v1.7a multicolumn formatting (FMi)
\c@tracingmulticols=\count90
\mult@box=\box26
\multicol@leftmargin=\dimen105
\c@unbalance=\count91
\c@collectmore=\count92
\doublecol@number=\count93
\multicoltolerance=\count94
\multicolpretolerance=\count95
\full@width=\dimen106
\page@free=\dimen107
\premulticols=\dimen108
\postmulticols=\dimen109
\multicolsep=\skip45
\multicolbaselineskip=\skip46
\partial@page=\box27
\last@line=\box28
\mult@rightbox=\box29
\mult@grightbox=\box30
\mult@gfirstbox=\box31
\mult@firstbox=\box32
\@tempa=\box33
\@tempa=\box34
\@tempa=\box35
\@tempa=\box36
\@tempa=\box37
\@tempa=\box38
\@tempa=\box39
\@tempa=\box40
\@tempa=\box41
\@tempa=\box42
\@tempa=\box43
\@tempa=\box44
\@tempa=\box45
\@tempa=\box46
\@tempa=\box47
\@tempa=\box48
\@tempa=\box49
\c@columnbadness=\count96
\c@finalcolumnbadness=\count97
\last@try=\dimen110
\multicolovershoot=\dimen111
\multicolundershoot=\dimen112
\mult@nat@firstbox=\box50
\colbreak@box=\box51
\multicol@sort@counter=\count98
)
("C:\Program Files (x86)\MiKTeX 2.9\tex\latex\float\float.sty"
Package: float 2001/11/08 v1.3d Float enhancements (AL)
\c@float@type=\count99
\float@exts=\toks15
\float@box=\box52
\@float@everytoks=\toks16
\@floatcapt=\box53
)
("C:\Program Files (x86)\MiKTeX 2.9\tex\latex\listings\listings.sty"
\lst@mode=\count100
\lst@gtempboxa=\box54
\lst@token=\toks17
\lst@length=\count101
\lst@currlwidth=\dimen113
\lst@column=\count102
\lst@pos=\count103
\lst@lostspace=\dimen114
\lst@width=\dimen115
\lst@newlines=\count104
\lst@lineno=\count105
\lst@maxwidth=\dimen116

("C:\Program Files (x86)\MiKTeX 2.9\tex\latex\listings\lstmisc.sty"
File: lstmisc.sty 2007/02/22 1.4 (Carsten Heinz)
\c@lstnumber=\count106
\lst@skipnumbers=\count107
\lst@framebox=\box55
)
("C:\Program Files (x86)\MiKTeX 2.9\tex\latex\listings\listings.cfg"
File: listings.cfg 2007/02/22 1.4 listings configuration
))
Package: listings 2007/02/22 1.4 (Carsten Heinz)

("C:\Program Files (x86)\MiKTeX 2.9\tex\latex\graphics\color.sty"
Package: color 2005/11/14 v1.0j Standard LaTeX Color (DPC)

("C:\Program Files (x86)\MiKTeX 2.9\tex\latex\00miktex\color.cfg"
File: color.cfg 2007/01/18 v1.5 color configuration of teTeX/TeXLive
)
Package color Info: Driver file: pdftex.def on input line 130.
)
("C:\Program Files (x86)\MiKTeX 2.9\tex\latex\base\ifthen.sty"
Package: ifthen 2001/05/26 v1.1c Standard LaTeX ifthen package (DPC)
)
("C:\Program Files (x86)\MiKTeX 2.9\tex\latex\xcolor\xcolor.sty"
Package: xcolor 2007/01/21 v2.11 LaTeX color extensions (UK)

("C:\Program Files (x86)\MiKTeX 2.9\tex\latex\00miktex\color.cfg"
File: color.cfg 2007/01/18 v1.5 color configuration of teTeX/TeXLive
)
Package xcolor Info: Driver file: pdftex.def on input line 225.

("C:\Program Files (x86)\MiKTeX 2.9\tex\latex\colortbl\colortbl.sty"
Package: colortbl 2001/02/13 v0.1j Color table columns (DPC)

("C:\Program Files (x86)\MiKTeX 2.9\tex\latex\tools\array.sty"
Package: array 2008/09/09 v2.4c Tabular extension package (FMi)
\col@sep=\dimen117
\extrarowheight=\dimen118
\NC@list=\toks18
\extratabsurround=\skip47
\backup@length=\skip48
)
\everycr=\toks19
\minrowclearance=\skip49
)
LaTeX Info: Redefining \color on input line 702.
\rownum=\count108
Package xcolor Info: Model `cmy' substituted by `cmy0' on input line 1337.
Package xcolor Info: Model `hsb' substituted by `rgb' on input line 1341.
Package xcolor Info: Model `RGB' extended on input line 1353.
Package xcolor Info: Model `HTML' substituted by `rgb' on input line 1355.
Package xcolor Info: Model `Hsb' substituted by `hsb' on input line 1356.
Package xcolor Info: Model `tHsb' substituted by `hsb' on input line 1357.
Package xcolor Info: Model `HSB' substituted by `hsb' on input line 1358.
Package xcolor Info: Model `Gray' substituted by `gray' on input line 1359.
Package xcolor Info: Model `wave' substituted by `hsb' on input line 1360.
)
("C:\Program Files (x86)\MiKTeX 2.9\tex\latex\base\textcomp.sty"
Package: textcomp 2005/09/27 v1.99g Standard LaTeX package
Package textcomp Info: Sub-encoding information:
(textcomp)               5 = only ISO-Adobe without \textcurrency
(textcomp)               4 = 5 + \texteuro
(textcomp)               3 = 4 + \textohm
(textcomp)               2 = 3 + \textestimated + \textcurrency
(textcomp)               1 = TS1 - \textcircled - \t
(textcomp)               0 = TS1 (full)
(textcomp)             Font families with sub-encoding setting implement
(textcomp)             only a restricted character set as indicated.
(textcomp)             Family '?' is the default used for unknown fonts.
(textcomp)             See the documentation for details.
Package textcomp Info: Setting ? sub-encoding to TS1/1 on input line 71.

("C:\Program Files (x86)\MiKTeX 2.9\tex\latex\base\ts1enc.def"
File: ts1enc.def 2001/06/05 v3.0e (jk/car/fm) Standard LaTeX file
)
LaTeX Info: Redefining \oldstylenums on input line 266.
Package textcomp Info: Setting cmr sub-encoding to TS1/0 on input line 281.
Package textcomp Info: Setting cmss sub-encoding to TS1/0 on input line 282.
Package textcomp Info: Setting cmtt sub-encoding to TS1/0 on input line 283.
Package textcomp Info: Setting cmvtt sub-encoding to TS1/0 on input line 284.
Package textcomp Info: Setting cmbr sub-encoding to TS1/0 on input line 285.
Package textcomp Info: Setting cmtl sub-encoding to TS1/0 on input line 286.
Package textcomp Info: Setting ccr sub-encoding to TS1/0 on input line 287.
Package textcomp Info: Setting ptm sub-encoding to TS1/4 on input line 288.
Package textcomp Info: Setting pcr sub-encoding to TS1/4 on input line 289.
Package textcomp Info: Setting phv sub-encoding to TS1/4 on input line 290.
Package textcomp Info: Setting ppl sub-encoding to TS1/3 on input line 291.
Package textcomp Info: Setting pag sub-encoding to TS1/4 on input line 292.
Package textcomp Info: Setting pbk sub-encoding to TS1/4 on input line 293.
Package textcomp Info: Setting pnc sub-encoding to TS1/4 on input line 294.
Package textcomp Info: Setting pzc sub-encoding to TS1/4 on input line 295.
Package textcomp Info: Setting bch sub-encoding to TS1/4 on input line 296.
Package textcomp Info: Setting put sub-encoding to TS1/5 on input line 297.
Package textcomp Info: Setting uag sub-encoding to TS1/5 on input line 298.
Package textcomp Info: Setting ugq sub-encoding to TS1/5 on input line 299.
Package textcomp Info: Setting ul8 sub-encoding to TS1/4 on input line 300.
Package textcomp Info: Setting ul9 sub-encoding to TS1/4 on input line 301.
Package textcomp Info: Setting augie sub-encoding to TS1/5 on input line 302.
Package textcomp Info: Setting dayrom sub-encoding to TS1/3 on input line 303.
Package textcomp Info: Setting dayroms sub-encoding to TS1/3 on input line 304.

Package textcomp Info: Setting pxr sub-encoding to TS1/0 on input line 305.
Package textcomp Info: Setting pxss sub-encoding to TS1/0 on input line 306.
Package textcomp Info: Setting pxtt sub-encoding to TS1/0 on input line 307.
Package textcomp Info: Setting txr sub-encoding to TS1/0 on input line 308.
Package textcomp Info: Setting txss sub-encoding to TS1/0 on input line 309.
Package textcomp Info: Setting txtt sub-encoding to TS1/0 on input line 310.
Package textcomp Info: Setting lmr sub-encoding to TS1/0 on input line 311.
Package textcomp Info: Setting lmdh sub-encoding to TS1/0 on input line 312.
Package textcomp Info: Setting lmss sub-encoding to TS1/0 on input line 313.
Package textcomp Info: Setting lmssq sub-encoding to TS1/0 on input line 314.
Package textcomp Info: Setting lmvtt sub-encoding to TS1/0 on input line 315.
Package textcomp Info: Setting qhv sub-encoding to TS1/0 on input line 316.
Package textcomp Info: Setting qag sub-encoding to TS1/0 on input line 317.
Package textcomp Info: Setting qbk sub-encoding to TS1/0 on input line 318.
Package textcomp Info: Setting qcr sub-encoding to TS1/0 on input line 319.
Package textcomp Info: Setting qcs sub-encoding to TS1/0 on input line 320.
Package textcomp Info: Setting qpl sub-encoding to TS1/0 on input line 321.
Package textcomp Info: Setting qtm sub-encoding to TS1/0 on input line 322.
Package textcomp Info: Setting qzc sub-encoding to TS1/0 on input line 323.
Package textcomp Info: Setting qhvc sub-encoding to TS1/0 on input line 324.
Package textcomp Info: Setting futs sub-encoding to TS1/4 on input line 325.
Package textcomp Info: Setting futx sub-encoding to TS1/4 on input line 326.
Package textcomp Info: Setting futj sub-encoding to TS1/4 on input line 327.
Package textcomp Info: Setting hlh sub-encoding to TS1/3 on input line 328.
Package textcomp Info: Setting hls sub-encoding to TS1/3 on input line 329.
Package textcomp Info: Setting hlst sub-encoding to TS1/3 on input line 330.
Package textcomp Info: Setting hlct sub-encoding to TS1/5 on input line 331.
Package textcomp Info: Setting hlx sub-encoding to TS1/5 on input line 332.
Package textcomp Info: Setting hlce sub-encoding to TS1/5 on input line 333.
Package textcomp Info: Setting hlcn sub-encoding to TS1/5 on input line 334.
Package textcomp Info: Setting hlcw sub-encoding to TS1/5 on input line 335.
Package textcomp Info: Setting hlcf sub-encoding to TS1/5 on input line 336.
Package textcomp Info: Setting pplx sub-encoding to TS1/3 on input line 337.
Package textcomp Info: Setting pplj sub-encoding to TS1/3 on input line 338.
Package textcomp Info: Setting ptmx sub-encoding to TS1/4 on input line 339.
Package textcomp Info: Setting ptmj sub-encoding to TS1/4 on input line 340.
)
("C:\Program Files (x86)\MiKTeX 2.9\tex\latex\base\alltt.sty"
Package: alltt 1997/06/16 v2.0g defines alltt environment
)
("C:\Program Files (x86)\MiKTeX 2.9\tex\generic\oberdiek\ifpdf.sty"
Package: ifpdf 2011/01/30 v2.3 Provides the ifpdf switch (HO)
Package ifpdf Info: pdfTeX in PDF mode is detected.
)
("C:\Program Files (x86)\MiKTeX 2.9\tex\latex\hyperref\hyperref.sty"
Package: hyperref 2011/10/01 v6.82j Hypertext links for LaTeX

("C:\Program Files (x86)\MiKTeX 2.9\tex\generic\oberdiek\hobsub-hyperref.sty"
Package: hobsub-hyperref 2011/04/23 v1.4 Bundle oberdiek, subset hyperref (HO)

("C:\Program Files (x86)\MiKTeX 2.9\tex\generic\oberdiek\hobsub-generic.sty"
Package: hobsub-generic 2011/04/23 v1.4 Bundle oberdiek, subset generic (HO)
Package: hobsub 2011/04/23 v1.4 Subsetting bundle oberdiek (HO)
Package hobsub Info: Skipping package `infwarerr' (already loaded).
Package hobsub Info: Skipping package `ltxcmds' (already loaded).
Package: ifluatex 2010/03/01 v1.3 Provides the ifluatex switch (HO)
Package ifluatex Info: LuaTeX not detected.
Package: ifvtex 2010/03/01 v1.5 Switches for detecting VTeX and its modes (HO)
Package ifvtex Info: VTeX not detected.
Package: intcalc 2007/09/27 v1.1 Expandable integer calculations (HO)
Package hobsub Info: Skipping package `ifpdf' (already loaded).
Package: etexcmds 2011/02/16 v1.5 Prefix for e-TeX command names (HO)
Package etexcmds Info: Could not find \expanded.
(etexcmds)             That can mean that you are not using pdfTeX 1.50 or
(etexcmds)             that some package has redefined \expanded.
(etexcmds)             In the latter case, load this package earlier.
Package: kvsetkeys 2011/04/07 v1.13 Key value parser (HO)
Package: kvdefinekeys 2011/04/07 v1.3 Defining keys (HO)
Package: pdftexcmds 2011/04/22 v0.16 Utilities of pdfTeX for LuaTeX (HO)
Package pdftexcmds Info: LuaTeX not detected.
Package pdftexcmds Info: \pdf@primitive is available.
Package pdftexcmds Info: \pdf@ifprimitive is available.
Package pdftexcmds Info: \pdfdraftmode found.
Package: pdfescape 2011/04/04 v1.12 Provides string conversions (HO)
Package: bigintcalc 2011/01/30 v1.2 Expandable big integer calculations (HO)
Package: bitset 2011/01/30 v1.1 Data type bit set (HO)
Package: uniquecounter 2011/01/30 v1.2 Provides unlimited unique counter (HO)
)
Package hobsub Info: Skipping package `hobsub' (already loaded).
Package: letltxmacro 2010/09/02 v1.4 Let assignment for LaTeX macros (HO)
Package: hopatch 2011/01/30 v1.0 Wrapper for package hooks (HO)
Package: xcolor-patch 2011/01/30 xcolor patch
Package: atveryend 2011/04/23 v1.7 Hooks at very end of document (HO)
Package: atbegshi 2011/01/30 v1.15 At begin shipout hook (HO)
Package: refcount 2010/12/01 v3.2 Data extraction from references (HO)
Package: hycolor 2011/01/30 v1.7 Color options of hyperref/bookmark (HO)
)
("C:\Program Files (x86)\MiKTeX 2.9\tex\generic\ifxetex\ifxetex.sty"
Package: ifxetex 2010/09/12 v0.6 Provides ifxetex conditional
)
("C:\Program Files (x86)\MiKTeX 2.9\tex\latex\oberdiek\kvoptions.sty"
Package: kvoptions 2010/12/23 v3.10 Keyval support for LaTeX options (HO)
)
\@linkdim=\dimen119
\Hy@linkcounter=\count109
\Hy@pagecounter=\count110

("C:\Program Files (x86)\MiKTeX 2.9\tex\latex\hyperref\pd1enc.def"
File: pd1enc.def 2011/10/01 v6.82j Hyperref: PDFDocEncoding definition (HO)
)
\Hy@SavedSpaceFactor=\count111

("C:\Program Files (x86)\MiKTeX 2.9\tex\latex\00miktex\hyperref.cfg"
File: hyperref.cfg 2002/06/06 v1.2 hyperref configuration of TeXLive
)
Package hyperref Info: Option `colorlinks' set `true' on input line 3925.
Package hyperref Info: Option `unicode' set `true' on input line 3925.

("C:\Program Files (x86)\MiKTeX 2.9\tex\latex\hyperref\puenc.def"
File: puenc.def 2011/10/01 v6.82j Hyperref: PDF Unicode definition (HO)
)
Package hyperref Info: Hyper figures OFF on input line 4046.
Package hyperref Info: Link nesting OFF on input line 4051.
Package hyperref Info: Hyper index ON on input line 4054.
Package hyperref Info: Plain pages OFF on input line 4061.
Package hyperref Info: Backreferencing ON on input line 4064.
Package hyperref Info: Implicit mode ON; LaTeX internals redefined.
Package hyperref Info: Bookmarks ON on input line 4284.

("C:\Program Files (x86)\MiKTeX 2.9\tex\latex\hyperref\backref.sty"
Package: backref 2010/08/30 v1.36 Bibliographical back referencing

("C:\Program Files (x86)\MiKTeX 2.9\tex\latex\oberdiek\rerunfilecheck.sty"
Package: rerunfilecheck 2011/04/15 v1.7 Rerun checks for auxiliary files (HO)
Package uniquecounter Info: New unique counter `rerunfilecheck' on input line 2
82.
))
\c@Hy@tempcnt=\count112

("C:\Program Files (x86)\MiKTeX 2.9\tex\latex\ltxmisc\url.sty"
\Urlmuskip=\muskip10
Package: url 2006/04/12  ver 3.3  Verb mode for urls, etc.
)
LaTeX Info: Redefining \url on input line 4637.
\Fld@menulength=\count113
\Field@Width=\dimen120
\Fld@charsize=\dimen121
Package hyperref Info: Hyper figures OFF on input line 5723.
Package hyperref Info: Link nesting OFF on input line 5728.
Package hyperref Info: Hyper index ON on input line 5731.
Package hyperref Info: backreferencing ON on input line 5736.
Package hyperref Info: Link coloring ON on input line 5741.
Package hyperref Info: Link coloring with OCG OFF on input line 5748.
Package hyperref Info: PDF/A mode OFF on input line 5753.
LaTeX Info: Redefining \ref on input line 5793.
LaTeX Info: Redefining \pageref on input line 5797.
\Hy@abspage=\count114
\c@Item=\count115
\c@Hfootnote=\count116
)

Package hyperref Message: Driver: hpdftex.

("C:\Program Files (x86)\MiKTeX 2.9\tex\latex\hyperref\hpdftex.def"
File: hpdftex.def 2011/10/01 v6.82j Hyperref driver for pdfTeX
\Fld@listcount=\count117
\c@bookmark@seq@number=\count118
\Hy@SectionHShift=\skip50
)
("C:\Program Files (x86)\MiKTeX 2.9\tex\latex\base\inputenc.sty"
Package: inputenc 2008/03/30 v1.1d Input encoding file
\inpenc@prehook=\toks20
\inpenc@posthook=\toks21

("C:\Program Files (x86)\MiKTeX 2.9\tex\latex\base\utf8.def"
File: utf8.def 2008/04/05 v1.1m UTF-8 support for inputenc
Now handling font encoding OML ...
... no UTF-8 mapping file for font encoding OML
Now handling font encoding T1 ...
... processing UTF-8 mapping file for font encoding T1

("C:\Program Files (x86)\MiKTeX 2.9\tex\latex\base\t1enc.dfu"
File: t1enc.dfu 2008/04/05 v1.1m UTF-8 support for inputenc
   defining Unicode char U+00A1 (decimal 161)
   defining Unicode char U+00A3 (decimal 163)
   defining Unicode char U+00AB (decimal 171)
   defining Unicode char U+00BB (decimal 187)
   defining Unicode char U+00BF (decimal 191)
   defining Unicode char U+00C0 (decimal 192)
   defining Unicode char U+00C1 (decimal 193)
   defining Unicode char U+00C2 (decimal 194)
   defining Unicode char U+00C3 (decimal 195)
   defining Unicode char U+00C4 (decimal 196)
   defining Unicode char U+00C5 (decimal 197)
   defining Unicode char U+00C6 (decimal 198)
   defining Unicode char U+00C7 (decimal 199)
   defining Unicode char U+00C8 (decimal 200)
   defining Unicode char U+00C9 (decimal 201)
   defining Unicode char U+00CA (decimal 202)
   defining Unicode char U+00CB (decimal 203)
   defining Unicode char U+00CC (decimal 204)
   defining Unicode char U+00CD (decimal 205)
   defining Unicode char U+00CE (decimal 206)
   defining Unicode char U+00CF (decimal 207)
   defining Unicode char U+00D0 (decimal 208)
   defining Unicode char U+00D1 (decimal 209)
   defining Unicode char U+00D2 (decimal 210)
   defining Unicode char U+00D3 (decimal 211)
   defining Unicode char U+00D4 (decimal 212)
   defining Unicode char U+00D5 (decimal 213)
   defining Unicode char U+00D6 (decimal 214)
   defining Unicode char U+00D8 (decimal 216)
   defining Unicode char U+00D9 (decimal 217)
   defining Unicode char U+00DA (decimal 218)
   defining Unicode char U+00DB (decimal 219)
   defining Unicode char U+00DC (decimal 220)
   defining Unicode char U+00DD (decimal 221)
   defining Unicode char U+00DE (decimal 222)
   defining Unicode char U+00DF (decimal 223)
   defining Unicode char U+00E0 (decimal 224)
   defining Unicode char U+00E1 (decimal 225)
   defining Unicode char U+00E2 (decimal 226)
   defining Unicode char U+00E3 (decimal 227)
   defining Unicode char U+00E4 (decimal 228)
   defining Unicode char U+00E5 (decimal 229)
   defining Unicode char U+00E6 (decimal 230)
   defining Unicode char U+00E7 (decimal 231)
   defining Unicode char U+00E8 (decimal 232)
   defining Unicode char U+00E9 (decimal 233)
   defining Unicode char U+00EA (decimal 234)
   defining Unicode char U+00EB (decimal 235)
   defining Unicode char U+00EC (decimal 236)
   defining Unicode char U+00ED (decimal 237)
   defining Unicode char U+00EE (decimal 238)
   defining Unicode char U+00EF (decimal 239)
   defining Unicode char U+00F0 (decimal 240)
   defining Unicode char U+00F1 (decimal 241)
   defining Unicode char U+00F2 (decimal 242)
   defining Unicode char U+00F3 (decimal 243)
   defining Unicode char U+00F4 (decimal 244)
   defining Unicode char U+00F5 (decimal 245)
   defining Unicode char U+00F6 (decimal 246)
   defining Unicode char U+00F8 (decimal 248)
   defining Unicode char U+00F9 (decimal 249)
   defining Unicode char U+00FA (decimal 250)
   defining Unicode char U+00FB (decimal 251)
   defining Unicode char U+00FC (decimal 252)
   defining Unicode char U+00FD (decimal 253)
   defining Unicode char U+00FE (decimal 254)
   defining Unicode char U+00FF (decimal 255)
   defining Unicode char U+0102 (decimal 258)
   defining Unicode char U+0103 (decimal 259)
   defining Unicode char U+0104 (decimal 260)
   defining Unicode char U+0105 (decimal 261)
   defining Unicode char U+0106 (decimal 262)
   defining Unicode char U+0107 (decimal 263)
   defining Unicode char U+010C (decimal 268)
   defining Unicode char U+010D (decimal 269)
   defining Unicode char U+010E (decimal 270)
   defining Unicode char U+010F (decimal 271)
   defining Unicode char U+0110 (decimal 272)
   defining Unicode char U+0111 (decimal 273)
   defining Unicode char U+0118 (decimal 280)
   defining Unicode char U+0119 (decimal 281)
   defining Unicode char U+011A (decimal 282)
   defining Unicode char U+011B (decimal 283)
   defining Unicode char U+011E (decimal 286)
   defining Unicode char U+011F (decimal 287)
   defining Unicode char U+0130 (decimal 304)
   defining Unicode char U+0131 (decimal 305)
   defining Unicode char U+0132 (decimal 306)
   defining Unicode char U+0133 (decimal 307)
   defining Unicode char U+0139 (decimal 313)
   defining Unicode char U+013A (decimal 314)
   defining Unicode char U+013D (decimal 317)
   defining Unicode char U+013E (decimal 318)
   defining Unicode char U+0141 (decimal 321)
   defining Unicode char U+0142 (decimal 322)
   defining Unicode char U+0143 (decimal 323)
   defining Unicode char U+0144 (decimal 324)
   defining Unicode char U+0147 (decimal 327)
   defining Unicode char U+0148 (decimal 328)
   defining Unicode char U+014A (decimal 330)
   defining Unicode char U+014B (decimal 331)
   defining Unicode char U+0150 (decimal 336)
   defining Unicode char U+0151 (decimal 337)
   defining Unicode char U+0152 (decimal 338)
   defining Unicode char U+0153 (decimal 339)
   defining Unicode char U+0154 (decimal 340)
   defining Unicode char U+0155 (decimal 341)
   defining Unicode char U+0158 (decimal 344)
   defining Unicode char U+0159 (decimal 345)
   defining Unicode char U+015A (decimal 346)
   defining Unicode char U+015B (decimal 347)
   defining Unicode char U+015E (decimal 350)
   defining Unicode char U+015F (decimal 351)
   defining Unicode char U+0160 (decimal 352)
   defining Unicode char U+0161 (decimal 353)
   defining Unicode char U+0162 (decimal 354)
   defining Unicode char U+0163 (decimal 355)
   defining Unicode char U+0164 (decimal 356)
   defining Unicode char U+0165 (decimal 357)
   defining Unicode char U+016E (decimal 366)
   defining Unicode char U+016F (decimal 367)
   defining Unicode char U+0170 (decimal 368)
   defining Unicode char U+0171 (decimal 369)
   defining Unicode char U+0178 (decimal 376)
   defining Unicode char U+0179 (decimal 377)
   defining Unicode char U+017A (decimal 378)
   defining Unicode char U+017B (decimal 379)
   defining Unicode char U+017C (decimal 380)
   defining Unicode char U+017D (decimal 381)
   defining Unicode char U+017E (decimal 382)
   defining Unicode char U+200C (decimal 8204)
   defining Unicode char U+2013 (decimal 8211)
   defining Unicode char U+2014 (decimal 8212)
   defining Unicode char U+2018 (decimal 8216)
   defining Unicode char U+2019 (decimal 8217)
   defining Unicode char U+201A (decimal 8218)
   defining Unicode char U+201C (decimal 8220)
   defining Unicode char U+201D (decimal 8221)
   defining Unicode char U+201E (decimal 8222)
   defining Unicode char U+2030 (decimal 8240)
   defining Unicode char U+2031 (decimal 8241)
   defining Unicode char U+2039 (decimal 8249)
   defining Unicode char U+203A (decimal 8250)
   defining Unicode char U+2423 (decimal 9251)
)
Now handling font encoding OT1 ...
... processing UTF-8 mapping file for font encoding OT1

("C:\Program Files (x86)\MiKTeX 2.9\tex\latex\base\ot1enc.dfu"
File: ot1enc.dfu 2008/04/05 v1.1m UTF-8 support for inputenc
   defining Unicode char U+00A1 (decimal 161)
   defining Unicode char U+00A3 (decimal 163)
   defining Unicode char U+00B8 (decimal 184)
   defining Unicode char U+00BF (decimal 191)
   defining Unicode char U+00C5 (decimal 197)
   defining Unicode char U+00C6 (decimal 198)
   defining Unicode char U+00D8 (decimal 216)
   defining Unicode char U+00DF (decimal 223)
   defining Unicode char U+00E6 (decimal 230)
   defining Unicode char U+00EC (decimal 236)
   defining Unicode char U+00ED (decimal 237)
   defining Unicode char U+00EE (decimal 238)
   defining Unicode char U+00EF (decimal 239)
   defining Unicode char U+00F8 (decimal 248)
   defining Unicode char U+0131 (decimal 305)
   defining Unicode char U+0141 (decimal 321)
   defining Unicode char U+0142 (decimal 322)
   defining Unicode char U+0152 (decimal 338)
   defining Unicode char U+0153 (decimal 339)
   defining Unicode char U+2013 (decimal 8211)
   defining Unicode char U+2014 (decimal 8212)
   defining Unicode char U+2018 (decimal 8216)
   defining Unicode char U+2019 (decimal 8217)
   defining Unicode char U+201C (decimal 8220)
   defining Unicode char U+201D (decimal 8221)
)
Now handling font encoding OMS ...
... processing UTF-8 mapping file for font encoding OMS

("C:\Program Files (x86)\MiKTeX 2.9\tex\latex\base\omsenc.dfu"
File: omsenc.dfu 2008/04/05 v1.1m UTF-8 support for inputenc
   defining Unicode char U+00A7 (decimal 167)
   defining Unicode char U+00B6 (decimal 182)
   defining Unicode char U+00B7 (decimal 183)
   defining Unicode char U+2020 (decimal 8224)
   defining Unicode char U+2021 (decimal 8225)
   defining Unicode char U+2022 (decimal 8226)
)
Now handling font encoding OMX ...
... no UTF-8 mapping file for font encoding OMX
Now handling font encoding U ...
... no UTF-8 mapping file for font encoding U
Now handling font encoding TS1 ...
... processing UTF-8 mapping file for font encoding TS1

("C:\Program Files (x86)\MiKTeX 2.9\tex\latex\base\ts1enc.dfu"
File: ts1enc.dfu 2008/04/05 v1.1m UTF-8 support for inputenc
   defining Unicode char U+00A2 (decimal 162)
   defining Unicode char U+00A3 (decimal 163)
   defining Unicode char U+00A4 (decimal 164)
   defining Unicode char U+00A5 (decimal 165)
   defining Unicode char U+00A6 (decimal 166)
   defining Unicode char U+00A7 (decimal 167)
   defining Unicode char U+00A8 (decimal 168)
   defining Unicode char U+00A9 (decimal 169)
   defining Unicode char U+00AA (decimal 170)
   defining Unicode char U+00AC (decimal 172)
   defining Unicode char U+00AE (decimal 174)
   defining Unicode char U+00AF (decimal 175)
   defining Unicode char U+00B0 (decimal 176)
   defining Unicode char U+00B1 (decimal 177)
   defining Unicode char U+00B2 (decimal 178)
   defining Unicode char U+00B3 (decimal 179)
   defining Unicode char U+00B4 (decimal 180)
   defining Unicode char U+00B5 (decimal 181)
   defining Unicode char U+00B6 (decimal 182)
   defining Unicode char U+00B7 (decimal 183)
   defining Unicode char U+00B9 (decimal 185)
   defining Unicode char U+00BA (decimal 186)
   defining Unicode char U+00BC (decimal 188)
   defining Unicode char U+00BD (decimal 189)
   defining Unicode char U+00BE (decimal 190)
   defining Unicode char U+00D7 (decimal 215)
   defining Unicode char U+00F7 (decimal 247)
   defining Unicode char U+0192 (decimal 402)
   defining Unicode char U+02C7 (decimal 711)
   defining Unicode char U+02D8 (decimal 728)
   defining Unicode char U+02DD (decimal 733)
   defining Unicode char U+0E3F (decimal 3647)
   defining Unicode char U+2016 (decimal 8214)
   defining Unicode char U+2020 (decimal 8224)
   defining Unicode char U+2021 (decimal 8225)
   defining Unicode char U+2022 (decimal 8226)
   defining Unicode char U+2030 (decimal 8240)
   defining Unicode char U+2031 (decimal 8241)
   defining Unicode char U+203B (decimal 8251)
   defining Unicode char U+203D (decimal 8253)
   defining Unicode char U+2044 (decimal 8260)
   defining Unicode char U+204E (decimal 8270)
   defining Unicode char U+2052 (decimal 8274)
   defining Unicode char U+20A1 (decimal 8353)
   defining Unicode char U+20A4 (decimal 8356)
   defining Unicode char U+20A6 (decimal 8358)
   defining Unicode char U+20A9 (decimal 8361)
   defining Unicode char U+20AB (decimal 8363)
   defining Unicode char U+20AC (decimal 8364)
   defining Unicode char U+20B1 (decimal 8369)
   defining Unicode char U+2103 (decimal 8451)
   defining Unicode char U+2116 (decimal 8470)
   defining Unicode char U+2117 (decimal 8471)
   defining Unicode char U+211E (decimal 8478)
   defining Unicode char U+2120 (decimal 8480)
   defining Unicode char U+2122 (decimal 8482)
   defining Unicode char U+2126 (decimal 8486)
   defining Unicode char U+2127 (decimal 8487)
   defining Unicode char U+212E (decimal 8494)
   defining Unicode char U+2190 (decimal 8592)
   defining Unicode char U+2191 (decimal 8593)
   defining Unicode char U+2192 (decimal 8594)
   defining Unicode char U+2193 (decimal 8595)
   defining Unicode char U+2329 (decimal 9001)
   defining Unicode char U+232A (decimal 9002)
   defining Unicode char U+2422 (decimal 9250)
   defining Unicode char U+25E6 (decimal 9702)
   defining Unicode char U+25EF (decimal 9711)
   defining Unicode char U+266A (decimal 9834)
)
Now handling font encoding PD1 ...
... no UTF-8 mapping file for font encoding PD1
Now handling font encoding PU ...
... no UTF-8 mapping file for font encoding PU
   defining Unicode char U+00A9 (decimal 169)
   defining Unicode char U+00AA (decimal 170)
   defining Unicode char U+00AE (decimal 174)
   defining Unicode char U+00BA (decimal 186)
   defining Unicode char U+02C6 (decimal 710)
   defining Unicode char U+02DC (decimal 732)
   defining Unicode char U+200C (decimal 8204)
   defining Unicode char U+2026 (decimal 8230)
   defining Unicode char U+2122 (decimal 8482)
   defining Unicode char U+2423 (decimal 9251)
))
("C:\Program Files (x86)\MiKTeX 2.9\tex\latex\psnfss\mathptmx.sty"
Package: mathptmx 2005/04/12 PSNFSS-v9.2a Times w/ Math, improved (SPQR, WaS) 
LaTeX Font Info:    Redeclaring symbol font `operators' on input line 28.
LaTeX Font Info:    Overwriting symbol font `operators' in version `normal'
(Font)                  OT1/cmr/m/n --> OT1/ztmcm/m/n on input line 28.
LaTeX Font Info:    Overwriting symbol font `operators' in version `bold'
(Font)                  OT1/cmr/bx/n --> OT1/ztmcm/m/n on input line 28.
LaTeX Font Info:    Redeclaring symbol font `letters' on input line 29.
LaTeX Font Info:    Overwriting symbol font `letters' in version `normal'
(Font)                  OML/cmm/m/it --> OML/ztmcm/m/it on input line 29.
LaTeX Font Info:    Overwriting symbol font `letters' in version `bold'
(Font)                  OML/cmm/b/it --> OML/ztmcm/m/it on input line 29.
LaTeX Font Info:    Redeclaring symbol font `symbols' on input line 30.
LaTeX Font Info:    Overwriting symbol font `symbols' in version `normal'
(Font)                  OMS/cmsy/m/n --> OMS/ztmcm/m/n on input line 30.
LaTeX Font Info:    Overwriting symbol font `symbols' in version `bold'
(Font)                  OMS/cmsy/b/n --> OMS/ztmcm/m/n on input line 30.
LaTeX Font Info:    Redeclaring symbol font `largesymbols' on input line 31.
LaTeX Font Info:    Overwriting symbol font `largesymbols' in version `normal'
(Font)                  OMX/cmex/m/n --> OMX/ztmcm/m/n on input line 31.
LaTeX Font Info:    Overwriting symbol font `largesymbols' in version `bold'
(Font)                  OMX/cmex/m/n --> OMX/ztmcm/m/n on input line 31.
\symbold=\mathgroup4
\symitalic=\mathgroup5
LaTeX Font Info:    Redeclaring math alphabet \mathbf on input line 34.
LaTeX Font Info:    Overwriting math alphabet `\mathbf' in version `normal'
(Font)                  OT1/cmr/bx/n --> OT1/ptm/bx/n on input line 34.
LaTeX Font Info:    Overwriting math alphabet `\mathbf' in version `bold'
(Font)                  OT1/cmr/bx/n --> OT1/ptm/bx/n on input line 34.
LaTeX Font Info:    Redeclaring math alphabet \mathit on input line 35.
LaTeX Font Info:    Overwriting math alphabet `\mathit' in version `normal'
(Font)                  OT1/cmr/m/it --> OT1/ptm/m/it on input line 35.
LaTeX Font Info:    Overwriting math alphabet `\mathit' in version `bold'
(Font)                  OT1/cmr/bx/it --> OT1/ptm/m/it on input line 35.
LaTeX Info: Redefining \hbar on input line 50.
)
("C:\Program Files (x86)\MiKTeX 2.9\tex\latex\psnfss\helvet.sty"
Package: helvet 2005/04/12 PSNFSS-v9.2a (WaS) 
)
("C:\Program Files (x86)\MiKTeX 2.9\tex\latex\psnfss\courier.sty"
Package: courier 2005/04/12 PSNFSS-v9.2a (WaS) 
)
("C:\Program Files (x86)\MiKTeX 2.9\tex\latex\sectsty\sectsty.sty"
Package: sectsty 2002/02/25 v2.0.2 Commands to change all sectional heading sty
les
)
("C:\Program Files (x86)\MiKTeX 2.9\tex\latex\tocloft\tocloft.sty"
Package: tocloft 2010/10/13 v2.3e parameterised ToC, etc., typesetting
Package tocloft Info: The document has chapter divisions on input line 43.
\cftparskip=\skip51
\cftbeforetoctitleskip=\skip52
\cftaftertoctitleskip=\skip53
\cftbeforepartskip=\skip54
\cftpartnumwidth=\skip55
\cftpartindent=\skip56
\cftbeforechapskip=\skip57
\cftchapindent=\skip58
\cftchapnumwidth=\skip59
\cftbeforesecskip=\skip60
\cftsecindent=\skip61
\cftsecnumwidth=\skip62
\cftbeforesubsecskip=\skip63
\cftsubsecindent=\skip64
\cftsubsecnumwidth=\skip65
\cftbeforesubsubsecskip=\skip66
\cftsubsubsecindent=\skip67
\cftsubsubsecnumwidth=\skip68
\cftbeforeparaskip=\skip69
\cftparaindent=\skip70
\cftparanumwidth=\skip71
\cftbeforesubparaskip=\skip72
\cftsubparaindent=\skip73
\cftsubparanumwidth=\skip74
\cftbeforeloftitleskip=\skip75
\cftafterloftitleskip=\skip76
\cftbeforefigskip=\skip77
\cftfigindent=\skip78
\cftfignumwidth=\skip79
\c@lofdepth=\count119
\c@lotdepth=\count120
\cftbeforelottitleskip=\skip80
\cftafterlottitleskip=\skip81
\cftbeforetabskip=\skip82
\cfttabindent=\skip83
\cfttabnumwidth=\skip84
)
(A:\eclipse\mhvlib\docs\latex\doxygen.sty
Package: doxygen 

("C:\Program Files (x86)\MiKTeX 2.9\tex\latex\tools\calc.sty"
Package: calc 2007/08/22 v4.3 Infix arithmetic (KKT,FJ)
\calc@Acount=\count121
\calc@Bcount=\count122
\calc@Adimen=\dimen122
\calc@Bdimen=\dimen123
\calc@Askip=\skip85
\calc@Bskip=\skip86
LaTeX Info: Redefining \setlength on input line 76.
LaTeX Info: Redefining \addtolength on input line 77.
\calc@Ccount=\count123
\calc@Cskip=\skip87
)
("C:\Program Files (x86)\MiKTeX 2.9\tex\latex\fancyhdr\fancyhdr.sty"
\fancy@headwidth=\skip88
\f@ncyO@elh=\skip89
\f@ncyO@erh=\skip90
\f@ncyO@olh=\skip91
\f@ncyO@orh=\skip92
\f@ncyO@elf=\skip93
\f@ncyO@erf=\skip94
\f@ncyO@olf=\skip95
\f@ncyO@orf=\skip96
)
("C:\Program Files (x86)\MiKTeX 2.9\tex\latex\tools\longtable.sty"
Package: longtable 2004/02/01 v4.11 Multi-page Table package (DPC)
\LTleft=\skip97
\LTright=\skip98
\LTpre=\skip99
\LTpost=\skip100
\LTchunksize=\count124
\LTcapwidth=\dimen124
\LT@head=\box56
\LT@firsthead=\box57
\LT@foot=\box58
\LT@lastfoot=\box59
\LT@cols=\count125
\LT@rows=\count126
\c@LT@tables=\count127
\c@LT@chunks=\count128
\LT@p@ftn=\toks22
)
("C:\Program Files (x86)\MiKTeX 2.9\tex\latex\tools\verbatim.sty"
Package: verbatim 2003/08/22 v1.5q LaTeX2e package for verbatim enhancements
\every@verbatim=\toks23
\verbatim@line=\toks24
\verbatim@in@stream=\read1
)
\tmplength=\skip101
\xrefbox=\box60
\xreflength=\skip102

("C:\Program Files (x86)\MiKTeX 2.9\tex\latex\base\fontenc.sty"
Package: fontenc 2005/09/27 v1.99g Standard LaTeX package

("C:\Program Files (x86)\MiKTeX 2.9\tex\latex\base\t1enc.def"
File: t1enc.def 2005/09/27 v1.99g Standard LaTeX file
LaTeX Font Info:    Redeclaring font encoding T1 on input line 43.
)))
("C:\Program Files (x86)\MiKTeX 2.9\tex\latex\listings\lstlang1.sty"
File: lstlang1.sty 2004/09/05 1.3 listings language file
)
("C:\Program Files (x86)\MiKTeX 2.9\tex\latex\listings\lstlang1.sty"
File: lstlang1.sty 2004/09/05 1.3 listings language file
)
("C:\Program Files (x86)\MiKTeX 2.9\tex\latex\listings\lstmisc.sty"
File: lstmisc.sty 2007/02/22 1.4 (Carsten Heinz)
)
\@indexfile=\write3

Writing index file refman.idx
(A:\eclipse\mhvlib\docs\latex\refman.aux)
LaTeX Font Info:    Checking defaults for OML/cmm/m/it on input line 46.
LaTeX Font Info:    ... okay on input line 46.
LaTeX Font Info:    Checking defaults for T1/cmr/m/n on input line 46.
LaTeX Font Info:    ... okay on input line 46.
LaTeX Font Info:    Checking defaults for OT1/cmr/m/n on input line 46.
LaTeX Font Info:    ... okay on input line 46.
LaTeX Font Info:    Checking defaults for OMS/cmsy/m/n on input line 46.
LaTeX Font Info:    ... okay on input line 46.
LaTeX Font Info:    Checking defaults for OMX/cmex/m/n on input line 46.
LaTeX Font Info:    ... okay on input line 46.
LaTeX Font Info:    Checking defaults for U/cmr/m/n on input line 46.
LaTeX Font Info:    ... okay on input line 46.
LaTeX Font Info:    Checking defaults for TS1/cmr/m/n on input line 46.
LaTeX Font Info:    Try loading font information for TS1+cmr on input line 46.

("C:\Program Files (x86)\MiKTeX 2.9\tex\latex\base\ts1cmr.fd"
File: ts1cmr.fd 1999/05/25 v2.5h Standard LaTeX font definitions
)
LaTeX Font Info:    ... okay on input line 46.
LaTeX Font Info:    Checking defaults for PD1/pdf/m/n on input line 46.
LaTeX Font Info:    ... okay on input line 46.
LaTeX Font Info:    Checking defaults for PU/pdf/m/n on input line 46.
LaTeX Font Info:    ... okay on input line 46.
LaTeX Font Info:    Try loading font information for T1+phv on input line 46.

("C:\Program Files (x86)\MiKTeX 2.9\tex\latex\psnfss\t1phv.fd"
File: t1phv.fd 2001/06/04 scalable font definitions for T1/phv.
)
LaTeX Font Info:    Font shape `T1/phv/m/n' will be
(Font)              scaled to size 8.99994pt on input line 46.

("C:\Program Files (x86)\MiKTeX 2.9\tex\context\base\supp-pdf.mkii"
[Loading MPS to PDF converter (version 2006.09.02).]
\scratchcounter=\count129
\scratchdimen=\dimen125
\scratchbox=\box61
\nofMPsegments=\count130
\nofMParguments=\count131
\everyMPshowfont=\toks25
\MPscratchCnt=\count132
\MPscratchDim=\dimen126
\MPnumerator=\count133
\makeMPintoPDFobject=\count134
\everyMPtoPDFconversion=\toks26
)
\c@lstlisting=\count135
\AtBeginShipoutBox=\box62
Package backref Info: ** backref set up for natbib ** on input line 46.
Package hyperref Info: Link coloring ON on input line 46.
 ("C:\Program Files (x86)\MiKTeX 2.9\tex\latex\hyperref\nameref.sty"
Package: nameref 2010/04/30 v2.40 Cross-referencing by name of section

("C:\Program Files (x86)\MiKTeX 2.9\tex\generic\oberdiek\gettitlestring.sty"
Package: gettitlestring 2010/12/03 v1.4 Cleanup title references (HO)
)
\c@section@level=\count136
)
LaTeX Info: Redefining \ref on input line 46.
LaTeX Info: Redefining \pageref on input line 46.
LaTeX Info: Redefining \nameref on input line 46.

(A:\eclipse\mhvlib\docs\latex\refman.out)
(A:\eclipse\mhvlib\docs\latex\refman.out)
\@outlinefile=\write4
\big@size=\dimen127
Package hyperref Info: Option `pageanchor' set `false' on input line 47.
LaTeX Font Info:    Font shape `T1/phv/m/n' will be
(Font)              scaled to size 12.9599pt on input line 51.
LaTeX Font Info:    Font shape `T1/phv/m/n' will be
(Font)              scaled to size 10.79993pt on input line 51.
LaTeX Font Info:    Font shape `T1/phv/m/n' will be
(Font)              scaled to size 8.09995pt on input line 55.
 [1


{C:/ProgramData/MiKTeX/2.9/pdftex/config/pdftex.map}] [2

]
LaTeX Font Info:    Font shape `T1/phv/m/n' will be
(Font)              scaled to size 22.39185pt on input line 60.
LaTeX Font Info:    Font shape `T1/phv/bx/n' in size <24.88> not available
(Font)              Font shape `T1/phv/b/n' tried instead on input line 60.
LaTeX Font Info:    Font shape `T1/phv/b/n' will be
(Font)              scaled to size 22.39185pt on input line 60.
LaTeX Font Info:    Try loading font information for OT1+phv on input line 60.

("C:\Program Files (x86)\MiKTeX 2.9\tex\latex\psnfss\ot1phv.fd"
File: ot1phv.fd 2001/06/04 scalable font definitions for OT1/phv.
)
LaTeX Font Info:    Font shape `OT1/phv/bc/n' will be
(Font)              scaled to size 22.39185pt on input line 60.

(A:\eclipse\mhvlib\docs\latex\refman.toc
LaTeX Font Info:    Font shape `T1/phv/bx/n' in size <10> not available
(Font)              Font shape `T1/phv/b/n' tried instead on input line 1.
LaTeX Font Info:    Font shape `T1/phv/b/n' will be
(Font)              scaled to size 8.99994pt on input line 1.
LaTeX Font Info:    Try loading font information for OT1+ztmcm on input line 1.


("C:\Program Files (x86)\MiKTeX 2.9\tex\latex\psnfss\ot1ztmcm.fd"
File: ot1ztmcm.fd 2000/01/03 Fontinst v1.801 font definitions for OT1/ztmcm.
)
LaTeX Font Info:    Try loading font information for OML+ztmcm on input line 1.


("C:\Program Files (x86)\MiKTeX 2.9\tex\latex\psnfss\omlztmcm.fd"
File: omlztmcm.fd 2000/01/03 Fontinst v1.801 font definitions for OML/ztmcm.
)
LaTeX Font Info:    Try loading font information for OMS+ztmcm on input line 1.


("C:\Program Files (x86)\MiKTeX 2.9\tex\latex\psnfss\omsztmcm.fd"
File: omsztmcm.fd 2000/01/03 Fontinst v1.801 font definitions for OMS/ztmcm.
)
LaTeX Font Info:    Try loading font information for OMX+ztmcm on input line 1.


("C:\Program Files (x86)\MiKTeX 2.9\tex\latex\psnfss\omxztmcm.fd"
File: omxztmcm.fd 2000/01/03 Fontinst v1.801 font definitions for OMX/ztmcm.
)
LaTeX Font Info:    Try loading font information for OT1+ptm on input line 1.

("C:\Program Files (x86)\MiKTeX 2.9\tex\latex\psnfss\ot1ptm.fd"
File: ot1ptm.fd 2001/06/04 font definitions for OT1/ptm.
)
LaTeX Font Info:    Font shape `OT1/ptm/bx/n' in size <10> not available
(Font)              Font shape `OT1/ptm/b/n' tried instead on input line 1.
LaTeX Font Info:    Font shape `OT1/ptm/bx/n' in size <7.4> not available
(Font)              Font shape `OT1/ptm/b/n' tried instead on input line 1.
LaTeX Font Info:    Font shape `OT1/ptm/bx/n' in size <6> not available
(Font)              Font shape `OT1/ptm/b/n' tried instead on input line 1.
 [1

]
LaTeX Font Info:    Font shape `T1/phv/bx/n' in size <7> not available
(Font)              Font shape `T1/phv/b/n' tried instead on input line 59.
LaTeX Font Info:    Font shape `T1/phv/b/n' will be
(Font)              scaled to size 6.29996pt on input line 59.
 [2]
[3] [4] [5] [6] [7] [8] [9] [10] [11] [12] [13] [14] [15]
Underfull \hbox (badness 10000) in paragraph at lines 518--518
 [][] [][][]\T1/phv/m/n/10 -A-:/eclipse/mhvlib--Vusb--Keyboard/-M-H-V-_--Vusb-K
eyboard.cpp -File - 
 []


Underfull \vbox (badness 1584) has occurred while \output is active []

 [16]
[17] [18]
Underfull \hbox (badness 4024) in paragraph at lines 602--602
 [][] [][][]\T1/phv/m/n/10 -A-:/eclipse/mhvlib/-M-H-V-_--Display-_--H-D44780-_-
-Direct-_--Connect.cpp -File - 
 []


Underfull \hbox (badness 10000) in paragraph at lines 622--622
 [][] [][][]\T1/phv/m/n/10 -A-:/eclipse/mhvlib/-M-H-V-_--Display-_--H-D44780-_-
-Direct-_--Connect.h -File - 
 []


Underfull \hbox (badness 10000) in paragraph at lines 623--623
 [][] [][][]\T1/phv/m/n/10 -A-:/eclipse/mhvlib/-M-H-V-_--Display-_--H-D44780-_-
-Shift-_--Register.cpp -File - 
 []


Underfull \hbox (badness 10000) in paragraph at lines 630--630
 [][] [][][]\T1/phv/m/n/10 -A-:/eclipse/mhvlib/-M-H-V-_--Display-_--H-D44780-_-
-Shift-_--Register.h -File - 
 []

[19]
Underfull \hbox (badness 10000) in paragraph at lines 649--649
 [][] [][][]\T1/phv/m/n/10 -A-:/eclipse/mhvlib/-M-H-V-_--Display-_--Monochrome-
_--Buffered.cpp -File - 
 []

[20]
Underfull \hbox (badness 10000) in paragraph at lines 680--680
 [][] [][][]\T1/phv/m/n/10 -_--M-H-V-_--H-A-R-D-W-A-R-E-S-E-R-I-A-L-_--A-S-S-I-
G-N-_--I-N-T-E-R-R-U-P- 
 []

[21] [22] [23] [24] [25] [26] [27] [28] [29] [30] [31] [32] [33] [34] [35]
Underfull \hbox (badness 10000) in paragraph at lines 1174--1174
 [][] [][][]\T1/phv/m/n/10 -M-H-V-_--P-I-N-C-H-A-N-G-E-_--M-A-N-A-G-E-R-_--A-S-
S-I-G-N-_--I-N-T-E-R-R- 
 []

[36] [37])
\tf@toc=\write5
 [38]
Package hyperref Info: Option `pageanchor' set `true' on input line 63.

Chapter 1.
LaTeX Font Info:    Font shape `T1/phv/m/n' will be
(Font)              scaled to size 18.66588pt on input line 64.
LaTeX Font Info:    Font shape `T1/phv/bx/n' in size <20.74> not available
(Font)              Font shape `T1/phv/b/n' tried instead on input line 64.
LaTeX Font Info:    Font shape `T1/phv/b/n' will be
(Font)              scaled to size 18.66588pt on input line 64.
LaTeX Font Info:    Font shape `OT1/phv/bc/n' will be
(Font)              scaled to size 18.66588pt on input line 64.
(A:\eclipse\mhvlib\docs\latex\hierarchy.tex
LaTeX Font Info:    Font shape `T1/phv/bx/n' in size <14.4> not available
(Font)              Font shape `T1/phv/b/n' tried instead on input line 1.
LaTeX Font Info:    Font shape `T1/phv/b/n' will be
(Font)              scaled to size 12.9599pt on input line 1.
LaTeX Font Info:    Font shape `OT1/phv/bc/n' will be
(Font)              scaled to size 12.9599pt on input line 1.
 [1


]) [2]
Chapter 2.
(A:\eclipse\mhvlib\docs\latex\annotated.tex [3

]) [4]
Chapter 3.
(A:\eclipse\mhvlib\docs\latex\files.tex [5

]) [6]
Chapter 4.
(A:\eclipse\mhvlib\docs\latex\class_m_h_v___a_d_c.tex
LaTeX Font Info:    Try loading font information for T1+pcr on input line 7.

("C:\Program Files (x86)\MiKTeX 2.9\tex\latex\psnfss\t1pcr.fd"
File: t1pcr.fd 2001/06/04 font definitions for T1/pcr.
)
LaTeX Font Info:    Font shape `T1/phv/bx/n' in size <12> not available
(Font)              Font shape `T1/phv/b/n' tried instead on input line 9.
LaTeX Font Info:    Font shape `T1/phv/b/n' will be
(Font)              scaled to size 10.79993pt on input line 9.
LaTeX Font Info:    Font shape `OT1/phv/bc/n' will be
(Font)              scaled to size 10.79993pt on input line 9.
LaTeX Font Info:    Try loading font information for TS1+phv on input line 12.

("C:\Program Files (x86)\MiKTeX 2.9\tex\latex\psnfss\ts1phv.fd"
File: ts1phv.fd 2001/06/04 scalable font definitions for TS1/phv.
)
LaTeX Font Info:    Font shape `TS1/phv/m/n' will be
(Font)              scaled to size 8.99994pt on input line 12.
LaTeX Font Info:    Font shape `OT1/phv/bc/n' will be
(Font)              scaled to size 8.99994pt on input line 61.
LaTeX Font Info:    Font shape `OT1/phv/bc/it' in size <10> not available
(Font)              Font shape `OT1/phv/bc/sl' tried instead on input line 61.
LaTeX Font Info:    Font shape `OT1/phv/bc/sl' will be
(Font)              scaled to size 8.99994pt on input line 61.
 [7

]
LaTeX Font Info:    Font shape `T1/phv/m/it' in size <10> not available
(Font)              Font shape `T1/phv/m/sl' tried instead on input line 65.
LaTeX Font Info:    Font shape `T1/phv/m/sl' will be
(Font)              scaled to size 8.99994pt on input line 65.

Underfull \vbox (badness 10000) detected at line 69
 []


Underfull \vbox (badness 10000) detected at line 106
 []


Underfull \vbox (badness 10000) detected at line 127
 []

[8]
Underfull \vbox (badness 10000) detected at line 145
 []


Underfull \vbox (badness 10000) detected at line 197
 []


Underfull \vbox (badness 10000) detected at line 215
 []

LaTeX Font Info:    Try loading font information for OT1+pcr on input line 226.

("C:\Program Files (x86)\MiKTeX 2.9\tex\latex\psnfss\ot1pcr.fd"
File: ot1pcr.fd 2001/06/04 font definitions for OT1/pcr.
)

LaTeX Font Warning: Font shape `OT1/pcr/bc/n' undefined
(Font)              using `OT1/pcr/m/n' instead on input line 226.

[9]) (A:\eclipse\mhvlib\docs\latex\class_m_h_v___a_d_c_listener.tex)
(A:\eclipse\mhvlib\docs\latex\structmhv__alarm.tex [10])
(A:\eclipse\mhvlib\docs\latex\class_m_h_v___alarm_listener.tex
<class_m_h_v___alarm_listener.pdf, id=6918, 501.875pt x 430.60875pt>
File: class_m_h_v___alarm_listener.pdf Graphic file (type pdf)

<use class_m_h_v___alarm_listener.pdf>
Package pdftex.def Info: class_m_h_v___alarm_listener.pdf used on input line 12
.
(pdftex.def)             Requested size: 99.4849pt x 85.35826pt.
 [11 <A:/eclipse/mhvlib/docs/latex/class_m_h_v___alarm_listener.pdf>])
(A:\eclipse\mhvlib\docs\latex\class_m_h_v___debounce.tex
<class_m_h_v___debounce.pdf, id=6934, 501.875pt x 265.99374pt>
File: class_m_h_v___debounce.pdf Graphic file (type pdf)

<use class_m_h_v___debounce.pdf>
Package pdftex.def Info: class_m_h_v___debounce.pdf used on input line 12.
(pdftex.def)             Requested size: 107.36496pt x 56.9055pt.
 [12 <A:/eclipse/mhvlib/docs/latex/class_m_h_v___debounce.pdf>]
Underfull \vbox (badness 10000) detected at line 85
 []


Underfull \vbox (badness 10000) detected at line 121
 []


Underfull \vbox (badness 4805) has occurred while \output is active []

 [13]
Underfull \vbox (badness 10000) detected at line 164
 []


Underfull \vbox (badness 10000) detected at line 198
 []

[14]) (A:\eclipse\mhvlib\docs\latex\class_m_h_v___debounce_listener.tex
[15]) (A:\eclipse\mhvlib\docs\latex\structmhv__debounce_pin.tex [16])
(A:\eclipse\mhvlib\docs\latex\class_m_h_v___device___r_x.tex
<class_m_h_v___device___r_x.pdf, id=7026, 501.875pt x 277.035pt>
File: class_m_h_v___device___r_x.pdf Graphic file (type pdf)

<use class_m_h_v___device___r_x.pdf>
Package pdftex.def Info: class_m_h_v___device___r_x.pdf used on input line 12.
(pdftex.def)             Requested size: 103.08414pt x 56.9055pt.
 [17 <A:/eclipse/mhvlib/docs/latex/class_m_h_v___device___r_x.pdf>]
Underfull \vbox (badness 10000) detected at line 69
 []

[18]
Underfull \vbox (badness 10000) detected at line 196
 []

[19]) (A:\eclipse\mhvlib\docs\latex\class_m_h_v___device___t_x.tex
<class_m_h_v___device___t_x.pdf, id=7076, 501.875pt x 64.24pt>
File: class_m_h_v___device___t_x.pdf Graphic file (type pdf)

<use class_m_h_v___device___t_x.pdf>
Package pdftex.def Info: class_m_h_v___device___t_x.pdf used on input line 12.
(pdftex.def)             Requested size: 393.62047pt x 50.38277pt.

Overfull \hbox (48.62047pt too wide) in paragraph at lines 11--13
 [] 
 []

[20 <A:/eclipse/mhvlib/docs/latex/class_m_h_v___device___t_x.pdf>]
Underfull \vbox (badness 10000) detected at line 75
 []


Underfull \hbox (badness 4036) in paragraph at lines 139--140
\T1/phv/m/n/10 -Implemented in [][]-M-H-V-_--Hardware-Serial[][], [][]-M-H-V-_-
-Display-_--Character[][], [][]-M-H-V-_--Display-_--
 []

[21]
Underfull \vbox (badness 10000) detected at line 154
 []


Underfull \vbox (badness 10000) detected at line 178
 []


Underfull \vbox (badness 10000) detected at line 202
 []

[22]
Underfull \vbox (badness 10000) detected at line 229
 []


Underfull \vbox (badness 10000) detected at line 250
 []


Underfull \vbox (badness 10000) detected at line 274
 []

[23]) (A:\eclipse\mhvlib\docs\latex\class_m_h_v___display___character.tex
<class_m_h_v___display___character.pdf, id=7150, 501.875pt x 159.59625pt>
File: class_m_h_v___display___character.pdf Graphic file (type pdf)

<use class_m_h_v___display___character.pdf>
Package pdftex.def Info: class_m_h_v___display___character.pdf used on input li
ne 12.
(pdftex.def)             Requested size: 357.89597pt x 113.81102pt.

Overfull \hbox (12.89597pt too wide) in paragraph at lines 11--13
 [] 
 []

[24 <A:/eclipse/mhvlib/docs/latex/class_m_h_v___display___character.pdf>]
Underfull \vbox (badness 10000) detected at line 100
 []

[25] [26]
Underfull \vbox (badness 10000) detected at line 233
 []


Underfull \vbox (badness 10000) detected at line 251
 []


Underfull \vbox (badness 10000) detected at line 269
 []


Underfull \vbox (badness 10000) detected at line 287
 []

[27]
Underfull \vbox (badness 10000) detected at line 317
 []


Underfull \vbox (badness 10000) detected at line 347
 []


Underfull \vbox (badness 10000) detected at line 370
 []

[28]
Underfull \vbox (badness 10000) detected at line 394
 []


Underfull \vbox (badness 10000) detected at line 421
 []

[29]) (A:\eclipse\mhvlib\docs\latex\class_m_h_v___display___h_d44780.tex
<class_m_h_v___display___h_d44780.pdf, id=7252, 501.875pt x 159.59625pt>
File: class_m_h_v___display___h_d44780.pdf Graphic file (type pdf)

<use class_m_h_v___display___h_d44780.pdf>
Package pdftex.def Info: class_m_h_v___display___h_d44780.pdf used on input lin
e 12.
(pdftex.def)             Requested size: 357.89597pt x 113.81102pt.

Overfull \hbox (12.89597pt too wide) in paragraph at lines 11--13
 [] 
 []

[30 <A:/eclipse/mhvlib/docs/latex/class_m_h_v___display___h_d44780.pdf>]
Underfull \vbox (badness 10000) detected at line 101
 []


Underfull \vbox (badness 10000) has occurred while \output is active []

 [31]
Underfull \vbox (badness 10000) detected at line 145
 []


Underfull \vbox (badness 10000) detected at line 166
 []

[32]
Underfull \vbox (badness 10000) detected at line 188
 []


Underfull \vbox (badness 10000) detected at line 210
 []


Underfull \vbox (badness 10000) detected at line 228
 []


Underfull \vbox (badness 10000) detected at line 269
 []


Underfull \hbox (badness 6428) in paragraph at lines 285--286
\T1/phv/m/n/10 -Implemented in [][]-M-H-V-_--Display-_--H-D44780-_--Direct-_--C
onnect[][], and [][]-M-H-V-_--Display-_--H-
 []

[33]
Underfull \vbox (badness 10000) detected at line 303
 []


Underfull \vbox (badness 10000) detected at line 327
 []


Underfull \vbox (badness 10000) detected at line 363
 []


Underfull \vbox (badness 2189) has occurred while \output is active []

 [34]
Underfull \hbox (badness 6428) in paragraph at lines 379--380
\T1/phv/m/n/10 -Implemented in [][]-M-H-V-_--Display-_--H-D44780-_--Direct-_--C
onnect[][], and [][]-M-H-V-_--Display-_--H-
 []


Underfull \hbox (badness 6428) in paragraph at lines 392--393
\T1/phv/m/n/10 -Implemented in [][]-M-H-V-_--Display-_--H-D44780-_--Direct-_--C
onnect[][], and [][]-M-H-V-_--Display-_--H-
 []


Underfull \hbox (badness 6428) in paragraph at lines 406--407
\T1/phv/m/n/10 -Implemented in [][]-M-H-V-_--Display-_--H-D44780-_--Direct-_--C
onnect[][], and [][]-M-H-V-_--Display-_--H-
 []

[35])
(A:\eclipse\mhvlib\docs\latex\class_m_h_v___display___h_d44780___direct___conne
ct.tex
<class_m_h_v___display___h_d44780___direct___connect.pdf, id=7362, 501.875pt x 
318.18875pt>
File: class_m_h_v___display___h_d44780___direct___connect.pdf Graphic file (typ
e pdf)
 <use class_m_h_v___display___h_d44780___direct___connect.pdf>
Package pdftex.def Info: class_m_h_v___display___h_d44780___direct___connect.pd
f used on input line 12.
(pdftex.def)             Requested size: 179.51083pt x 113.81102pt.

[36 <A:/eclipse/mhvlib/docs/latex/class_m_h_v___display___h_d44780___direct___c
onnect.pdf>]
Underfull \vbox (badness 10000) detected at line 150
 []

[37]
Underfull \vbox (badness 10000) detected at line 206
 []

[38]
Underfull \vbox (badness 10000) detected at line 259
 []

[39]
Underfull \vbox (badness 10000) detected at line 297
 []


Underfull \vbox (badness 10000) detected at line 319
 []


Underfull \vbox (badness 10000) detected at line 337
 []


Underfull \vbox (badness 10000) detected at line 355
 []

[40]
Underfull \vbox (badness 10000) detected at line 389
 []


Underfull \vbox (badness 10000) detected at line 414
 []

[41])
(A:\eclipse\mhvlib\docs\latex\class_m_h_v___display___h_d44780___shift___regist
er.tex [42]
<class_m_h_v___display___h_d44780___shift___register.pdf, id=7459, 501.875pt x 
331.2375pt>
File: class_m_h_v___display___h_d44780___shift___register.pdf Graphic file (typ
e pdf)
 <use class_m_h_v___display___h_d44780___shift___register.pdf>
Package pdftex.def Info: class_m_h_v___display___h_d44780___shift___register.pd
f used on input line 12.
(pdftex.def)             Requested size: 172.43486pt x 113.81102pt.

[43 <A:/eclipse/mhvlib/docs/latex/class_m_h_v___display___h_d44780___shift___re
gister.pdf>]
Underfull \vbox (badness 10000) detected at line 126
 []


Underfull \vbox (badness 1297) has occurred while \output is active []

 [44]
Underfull \vbox (badness 10000) detected at line 179
 []


Underfull \vbox (badness 10000) detected at line 220
 []


Underfull \vbox (badness 10000) has occurred while \output is active []

 [45]
Underfull \vbox (badness 10000) detected at line 238
 []


Underfull \vbox (badness 10000) detected at line 263
 []

[46])
(A:\eclipse\mhvlib\docs\latex\class_m_h_v___display___holtek___h_t1632.tex
<class_m_h_v___display___holtek___h_t1632.pdf, id=7518, 501.875pt x 316.18124pt
>
File: class_m_h_v___display___holtek___h_t1632.pdf Graphic file (type pdf)
 <use class_m_h_v___display___holtek___h_t1632.pdf>
Package pdftex.def Info: class_m_h_v___display___holtek___h_t1632.pdf used on i
nput line 12.
(pdftex.def)             Requested size: 135.48508pt x 85.35826pt.
 [47 <A:/eclipse/mhvlib/docs/latex/class_m_h_v___display___holtek___h_t1632.pdf
>]
Underfull \vbox (badness 10000) detected at line 100
 []

[48]
Underfull \vbox (badness 10000) detected at line 121
 []


Underfull \vbox (badness 10000) detected at line 155
 []

[49]
Underfull \vbox (badness 10000) detected at line 212
 []

) (A:\eclipse\mhvlib\docs\latex\class_m_h_v___display___monochrome.tex
<class_m_h_v___display___monochrome.pdf, id=7560, 501.875pt x 171.64125pt>
File: class_m_h_v___display___monochrome.pdf Graphic file (type pdf)

<use class_m_h_v___display___monochrome.pdf>
Package pdftex.def Info: class_m_h_v___display___monochrome.pdf used on input l
ine 12.
(pdftex.def)             Requested size: 332.77777pt x 113.81102pt.
 [50 <A:/eclipse/mhvlib/docs/latex/class_m_h_v___display___monochrome.pdf>]
Underfull \vbox (badness 10000) detected at line 87
 []

[51]
Underfull \vbox (badness 10000) detected at line 108
 []


Underfull \hbox (badness 1895) in paragraph at lines 138--139
\T1/phv/m/n/10 -Implemented in [][]-M-H-V-_--Display-_--Holtek-_--H-T1632[][], 
and [][]-M-H-V-_--Display-_--Monochrome-_--
 []


Underfull \hbox (badness 1895) in paragraph at lines 183--184
\T1/phv/m/n/10 -Implemented in [][]-M-H-V-_--Display-_--Holtek-_--H-T1632[][], 
and [][]-M-H-V-_--Display-_--Monochrome-_--
 []

[52]
Underfull \vbox (badness 10000) detected at line 207
 []


Underfull \vbox (badness 10000) detected at line 246
 []


Underfull \vbox (badness 10000) detected at line 285
 []

[53]
Underfull \vbox (badness 10000) detected at line 321
 []


Underfull \vbox (badness 10000) detected at line 354
 []

[54]
Underfull \vbox (badness 10000) detected at line 390
 []


Underfull \vbox (badness 10000) detected at line 426
 []

[55])
(A:\eclipse\mhvlib\docs\latex\class_m_h_v___display___monochrome___buffered.tex

<class_m_h_v___display___monochrome___buffered.pdf, id=7655, 501.875pt x 342.27
875pt>
File: class_m_h_v___display___monochrome___buffered.pdf Graphic file (type pdf)

 <use class_m_h_v___display___monochrome___buffered.pdf>
Package pdftex.def Info: class_m_h_v___display___monochrome___buffered.pdf used
 on input line 12.
(pdftex.def)             Requested size: 166.87517pt x 113.81102pt.

Underfull \hbox (badness 972) in paragraph at lines 18--20
[][][]\T1/phv/m/n/10 -M-H-V-_--Display-_--Monochrome-_--Buffered[][] (uint16-_-
t col-Count, uint16-_-t row-Count,
 []

[56 <A:/eclipse/mhvlib/docs/latex/class_m_h_v___display___monochrome___buffered
.pdf>]) (A:\eclipse\mhvlib\docs\latex\class_m_h_v___e_e_p_r_o_m.tex [57]
Underfull \hbox (badness 2302) in paragraph at lines 26--28
[]\T1/phv/m/n/10 int8-_-t [][]write[][] (void $\OMS/ztmcm/m/n/10 $\T1/phv/m/n/
10 buffer, uint16-_-t ad-dress, uint16-_-t length, void($\OMS/ztmcm/m/n/10 $\T
1/phv/m/n/10 done-
 []


Underfull \vbox (badness 10000) detected at line 71
 []

[58]
Underfull \vbox (badness 10000) detected at line 98
 []


Underfull \vbox (badness 10000) detected at line 122
 []


Underfull \vbox (badness 10000) detected at line 156
 []

[59]
Underfull \vbox (badness 10000) detected at line 183
 []


Underfull \vbox (badness 10000) detected at line 204
 []


Underfull \vbox (badness 10000) detected at line 237
 []

[60]) (A:\eclipse\mhvlib\docs\latex\structmhv__event_a_d_c.tex)
(A:\eclipse\mhvlib\docs\latex\structmhv__event_pin.tex [61])
(A:\eclipse\mhvlib\docs\latex\structmhv__font.tex [62] [63])
(A:\eclipse\mhvlib\docs\latex\class_m_h_v___hardware_serial.tex
<class_m_h_v___hardware_serial.pdf, id=7778, 501.875pt x 138.5175pt>
File: class_m_h_v___hardware_serial.pdf Graphic file (type pdf)

<use class_m_h_v___hardware_serial.pdf>
Package pdftex.def Info: class_m_h_v___hardware_serial.pdf used on input line 1
2.
(pdftex.def)             Requested size: 206.17595pt x 56.9055pt.
 [64 <A:/eclipse/mhvlib/docs/latex/class_m_h_v___hardware_serial.pdf>]
Underfull \vbox (badness 10000) detected at line 110
 []

[65]
Underfull \vbox (badness 10000) detected at line 151
 []


Underfull \vbox (badness 10000) detected at line 171
 []


Underfull \vbox (badness 10000) detected at line 192
 []


Underfull \vbox (badness 10000) detected at line 212
 []

[66]
Underfull \vbox (badness 10000) detected at line 233
 []


Underfull \vbox (badness 10000) detected at line 281
 []


Underfull \vbox (badness 10000) detected at line 301
 []

[67]
Underfull \vbox (badness 10000) detected at line 362
 []

) (A:\eclipse\mhvlib\docs\latex\class_m_h_v___lock.tex [68])
(A:\eclipse\mhvlib\docs\latex\class_m_h_v___p_i_d.tex [69]
Underfull \vbox (badness 10000) detected at line 98
 []

[70]
Underfull \vbox (badness 10000) detected at line 132
 []


Underfull \vbox (badness 10000) detected at line 150
 []

[71]
Underfull \vbox (badness 10000) detected at line 186
 []


Underfull \vbox (badness 10000) detected at line 213
 []

[72]) (A:\eclipse\mhvlib\docs\latex\structmhv__pin.tex [73])
(A:\eclipse\mhvlib\docs\latex\class_m_h_v___pin_change_manager.tex [74]
Underfull \vbox (badness 10000) detected at line 80
 []

[75]
Underfull \vbox (badness 10000) detected at line 111
 []


Underfull \vbox (badness 10000) detected at line 157
 []

) (A:\eclipse\mhvlib\docs\latex\class_m_h_v___pin_event_listener.tex [76]
<class_m_h_v___pin_event_listener.pdf, id=7977, 501.875pt x 265.99374pt>
File: class_m_h_v___pin_event_listener.pdf Graphic file (type pdf)

<use class_m_h_v___pin_event_listener.pdf>
Package pdftex.def Info: class_m_h_v___pin_event_listener.pdf used on input lin
e 12.
(pdftex.def)             Requested size: 107.36496pt x 56.9055pt.
)
(A:\eclipse\mhvlib\docs\latex\class_m_h_v___p_w_m_matrix.tex
<class_m_h_v___p_w_m_matrix.pdf, id=7981, 501.875pt x 342.27875pt>
File: class_m_h_v___p_w_m_matrix.pdf Graphic file (type pdf)

<use class_m_h_v___p_w_m_matrix.pdf>
Package pdftex.def Info: class_m_h_v___p_w_m_matrix.pdf used on input line 12.
(pdftex.def)             Requested size: 166.87517pt x 113.81102pt.

Underfull \vbox (badness 5490) has occurred while \output is active []

 [77 <A:/eclipse/mhvlib/docs/latex/class_m_h_v___pin_event_listener.pdf>]

LaTeX Font Warning: Font shape `OT1/pcr/bc/it' undefined
(Font)              using `OT1/pcr/bc/n' instead on input line 47.


Underfull \vbox (badness 10000) detected at line 69
 []

[78 <A:/eclipse/mhvlib/docs/latex/class_m_h_v___p_w_m_matrix.pdf>])
(A:\eclipse\mhvlib\docs\latex\class_m_h_v___ring_buffer.tex
Underfull \vbox (badness 10000) detected at line 62
 []


Underfull \vbox (badness 10000) has occurred while \output is active []

 [79]
Underfull \vbox (badness 10000) detected at line 102
 []


Underfull \vbox (badness 10000) detected at line 139
 []

[80]
Underfull \vbox (badness 10000) detected at line 199
 []

[81]) (A:\eclipse\mhvlib\docs\latex\class_m_h_v___r_t_c.tex [82]
Underfull \vbox (badness 10000) detected at line 97
 []


Underfull \vbox (badness 10000) detected at line 118
 []

[83]
Underfull \vbox (badness 10000) detected at line 171
 []

[84]
Underfull \vbox (badness 10000) detected at line 202
 []


Underfull \vbox (badness 10000) detected at line 223
 []


Underfull \vbox (badness 10000) detected at line 241
 []

[85]
Underfull \vbox (badness 10000) detected at line 327
 []


Underfull \vbox (badness 10000) detected at line 348
 []

[86]) (A:\eclipse\mhvlib\docs\latex\class_m_h_v___r_x_listener.tex [87])
(A:\eclipse\mhvlib\docs\latex\structmhv__time.tex [88])
(A:\eclipse\mhvlib\docs\latex\class_m_h_v___timer8.tex [89] [90] [91] [92]
[93] [94]) (A:\eclipse\mhvlib\docs\latex\structmhv__timestamp.tex [95])
(A:\eclipse\mhvlib\docs\latex\structmhv__tx__buffer.tex [96])
(A:\eclipse\mhvlib\docs\latex\class_m_h_v___vusb_keyboard.tex
<class_m_h_v___vusb_keyboard.pdf, id=8348, 501.875pt x 430.60875pt>
File: class_m_h_v___vusb_keyboard.pdf Graphic file (type pdf)

<use class_m_h_v___vusb_keyboard.pdf>
Package pdftex.def Info: class_m_h_v___vusb_keyboard.pdf used on input line 12.

(pdftex.def)             Requested size: 99.4849pt x 85.35826pt.
 [97 <A:/eclipse/mhvlib/docs/latex/class_m_h_v___vusb_keyboard.pdf>]
Underfull \vbox (badness 10000) detected at line 60
 []

[98]
Underfull \vbox (badness 10000) detected at line 105
 []


Underfull \vbox (badness 10000) detected at line 123
 []


Underfull \vbox (badness 10000) detected at line 147
 []


Underfull \vbox (badness 10000) detected at line 168
 []

[99]) (A:\eclipse\mhvlib\docs\latex\class_m_h_v___vusb_typist.tex
<class_m_h_v___vusb_typist.pdf, id=8398, 501.875pt x 215.80624pt>
File: class_m_h_v___vusb_typist.pdf Graphic file (type pdf)

<use class_m_h_v___vusb_typist.pdf>
Package pdftex.def Info: class_m_h_v___vusb_typist.pdf used on input line 12.
(pdftex.def)             Requested size: 198.50264pt x 85.35826pt.
 [100 <A:/eclipse/mhvlib/docs/latex/class_m_h_v___vusb_typist.pdf>]
Underfull \vbox (badness 10000) detected at line 60
 []

[101]) [102]
Chapter 5.
(A:\eclipse\mhvlib\docs\latex\_m_h_v___vusb_keyboard_8cpp.tex
Underfull \hbox (badness 10000) in paragraph at lines 5--9
\T1/pcr/m/n/10 #include $\OML/ztmcm/m/it/10 <$\T1/pcr/m/n/10 vusb/usbdrv.-h$\OM
L/ztmcm/m/it/10 >$\OMS/ztmcm/m/n/10  \T1/pcr/m/n/10 #include $\OML/ztmcm/m/it/
10 <$\T1/pcr/m/n/10 -M-H-V-_--Vusb-Keyboard.-h$\OML/ztmcm/m/it/10 >$\OMS/ztmcm/
m/n/10 
 []

[103

]
LaTeX Font Info:    Font shape `T1/phv/m/n' will be
(Font)              scaled to size 7.19995pt on input line 61.
) (A:\eclipse\mhvlib\docs\latex\_m_h_v___vusb_keyboard_8h.tex [104]
[105] [106]
LaTeX Font Info:    Font shape `T1/phv/bx/it' in size <10> not available
(Font)              Font shape `T1/phv/b/it' tried instead on input line 317.
LaTeX Font Info:    Font shape `T1/phv/b/it' in size <10> not available
(Font)              Font shape `T1/phv/b/sl' tried instead on input line 317.
LaTeX Font Info:    Font shape `T1/phv/b/sl' will be
(Font)              scaled to size 8.99994pt on input line 317.
 [107] [108] [109])
(A:\eclipse\mhvlib\docs\latex\_m_h_v___vusb_typist_8cpp.tex
Underfull \hbox (badness 4132) in paragraph at lines 4--4
[]\OT1/phv/bc/n/14.4 -A-:/eclipse/mhvlib--Vusb--Keyboard/-M-H-V-[]--Vusb-Typist
.cpp -File -
 []

) (A:\eclipse\mhvlib\docs\latex\_m_h_v___vusb_typist_8h.tex
Underfull \hbox (badness 10000) in paragraph at lines 5--4
\T1/pcr/m/n/10 #include $\OML/ztmcm/m/it/10 <$\T1/pcr/m/n/10 -M-H-V-_--Vusb-Typ
ist.-h$\OML/ztmcm/m/it/10 >$\OMS/ztmcm/m/n/10  \T1/pcr/m/n/10 #include $\OML/z
tmcm/m/it/10 <$\T1/pcr/m/n/10 avr/pgmspace.-h$\OML/ztmcm/m/it/10 >$\OMS/ztmcm/m
/n/10 
 []

[110]
Underfull \hbox (badness 10000) in paragraph at lines 4--4
[]\OT1/phv/bc/n/14.4 -A-:/eclipse/mhvlib--Vusb--Keyboard/-M-H-V-[]--Vusb-Typist
.h -File -
 []


Underfull \hbox (badness 10000) in paragraph at lines 5--7
\T1/pcr/m/n/10 #include $\OML/ztmcm/m/it/10 <$\T1/pcr/m/n/10 -M-H-V-_--Vusb-Key
board.-h$\OML/ztmcm/m/it/10 >$\OMS/ztmcm/m/n/10  \T1/pcr/m/n/10 #include $\OML
/ztmcm/m/it/10 <$\T1/pcr/m/n/10 -M-H-V-_--Device-_--T-X.-
 []

) (A:\eclipse\mhvlib\docs\latex\_m_h_v___a_d_8cpp.tex)
(A:\eclipse\mhvlib\docs\latex\_m_h_v___a_d_8h.tex [111] [112] [113])
(A:\eclipse\mhvlib\docs\latex\_m_h_v___a_d_c_8cpp.tex)
(A:\eclipse\mhvlib\docs\latex\_m_h_v___a_d_c_8h.tex [114]
Underfull \hbox (badness 10000) in paragraph at lines 21--22
[]\T1/phv/m/n/10 #define [][]-M-H-V-_--A-D-C-_--B-U-F-F-E-R-_--C-R-E-A-T-E[][](
-_-mhv-A-D-C-Buffer-Name, -_-mhv-A-D-C-
 []

) (A:\eclipse\mhvlib\docs\latex\_m_h_v___debounce_8cpp.tex)
(A:\eclipse\mhvlib\docs\latex\_m_h_v___debounce_8h.tex
Underfull \hbox (badness 1365) in paragraph at lines 5--9
\T1/pcr/m/n/10 #include $\OML/ztmcm/m/it/10 <$\T1/pcr/m/n/10 string.-h$\OML/ztm
cm/m/it/10 >$\OMS/ztmcm/m/n/10  \T1/pcr/m/n/10 #include $\OML/ztmcm/m/it/10 <$
\T1/pcr/m/n/10 -M-H-V-_--R-T-C.-h$\OML/ztmcm/m/it/10 >$\OMS/ztmcm/m/n/10  \T1/
pcr/m/n/10 #include $\OML/ztmcm/m/it/10 <$\T1/pcr/m/n/10 -M-H-V-_-
 []

[115] [116]) (A:\eclipse\mhvlib\docs\latex\_m_h_v___device___r_x_8cpp.tex)
(A:\eclipse\mhvlib\docs\latex\_m_h_v___device___r_x_8h.tex
Underfull \hbox (badness 10000) in paragraph at lines 5--4
\T1/pcr/m/n/10 #include $\OML/ztmcm/m/it/10 <$\T1/pcr/m/n/10 stdio.-h$\OML/ztmc
m/m/it/10 >$\OMS/ztmcm/m/n/10  \T1/pcr/m/n/10 #include $\OML/ztmcm/m/it/10 <$\
T1/pcr/m/n/10 avr/pgmspace.-h$\OML/ztmcm/m/it/10 >$\OMS/ztmcm/m/n/10  \T1/pcr/
m/n/10 #include
 []


Underfull \hbox (badness 10000) in paragraph at lines 5--4
\OML/ztmcm/m/it/10 <$\T1/pcr/m/n/10 stdlib.-h$\OML/ztmcm/m/it/10 >$\OMS/ztmcm/m
/n/10  \T1/pcr/m/n/10 #include $\OML/ztmcm/m/it/10 <$\T1/pcr/m/n/10 string.-h$
\OML/ztmcm/m/it/10 >$\OMS/ztmcm/m/n/10  \T1/pcr/m/n/10 #include $\OML/ztmcm/m/
it/10 <$\T1/pcr/m/n/10 inttypes.-h$\OML/ztmcm/m/it/10 >$\OMS/ztmcm/m/n/10 
 []


Underfull \hbox (badness 1365) in paragraph at lines 5--10
\OML/ztmcm/m/it/10 <$\T1/pcr/m/n/10 -M-H-V-_-io.-h$\OML/ztmcm/m/it/10 >$\OMS/zt
mcm/m/n/10  \T1/pcr/m/n/10 #include $\OML/ztmcm/m/it/10 <$\T1/pcr/m/n/10 stdio
.-h$\OML/ztmcm/m/it/10 >$\OMS/ztmcm/m/n/10  \T1/pcr/m/n/10 #include $\OML/ztmc
m/m/it/10 <$\T1/pcr/m/n/10 -M-H-V-_--Ring-Buffer.-
 []

[117]
Overfull \hbox (34.20024pt too wide) in paragraph at lines 38--38
[]        \T1/pcr/m/n/8 MHV_RingBuffer _mhvRxName(_mhvRxName ## Buf, _mhvRxChar
acterCount + 1);[] 
 []

) (A:\eclipse\mhvlib\docs\latex\_m_h_v___device___t_x_8cpp.tex)
(A:\eclipse\mhvlib\docs\latex\_m_h_v___device___t_x_8h.tex
Underfull \hbox (badness 10000) in paragraph at lines 5--4
\T1/pcr/m/n/10 #include $\OML/ztmcm/m/it/10 <$\T1/pcr/m/n/10 stdio.-h$\OML/ztmc
m/m/it/10 >$\OMS/ztmcm/m/n/10  \T1/pcr/m/n/10 #include $\OML/ztmcm/m/it/10 <$\
T1/pcr/m/n/10 avr/pgmspace.-h$\OML/ztmcm/m/it/10 >$\OMS/ztmcm/m/n/10  \T1/pcr/
m/n/10 #include
 []


Underfull \hbox (badness 10000) in paragraph at lines 5--4
\OML/ztmcm/m/it/10 <$\T1/pcr/m/n/10 stdlib.-h$\OML/ztmcm/m/it/10 >$\OMS/ztmcm/m
/n/10  \T1/pcr/m/n/10 #include $\OML/ztmcm/m/it/10 <$\T1/pcr/m/n/10 string.-h$
\OML/ztmcm/m/it/10 >$\OMS/ztmcm/m/n/10  \T1/pcr/m/n/10 #include $\OML/ztmcm/m/
it/10 <$\T1/pcr/m/n/10 inttypes.-h$\OML/ztmcm/m/it/10 >$\OMS/ztmcm/m/n/10 
 []


Underfull \hbox (badness 1365) in paragraph at lines 5--11
\OML/ztmcm/m/it/10 <$\T1/pcr/m/n/10 -M-H-V-_-io.-h$\OML/ztmcm/m/it/10 >$\OMS/zt
mcm/m/n/10  \T1/pcr/m/n/10 #include $\OML/ztmcm/m/it/10 <$\T1/pcr/m/n/10 stdio
.-h$\OML/ztmcm/m/it/10 >$\OMS/ztmcm/m/n/10  \T1/pcr/m/n/10 #include $\OML/ztmc
m/m/it/10 <$\T1/pcr/m/n/10 -M-H-V-_--Ring-Buffer.-
 []

[118]) (A:\eclipse\mhvlib\docs\latex\_m_h_v___display___character_8cpp.tex)
(A:\eclipse\mhvlib\docs\latex\_m_h_v___display___character_8h.tex)
(A:\eclipse\mhvlib\docs\latex\_m_h_v___display___h_d44780_8cpp.tex
Underfull \hbox (badness 10000) in paragraph at lines 5--7
\T1/pcr/m/n/10 #include $\OML/ztmcm/m/it/10 <$\T1/pcr/m/n/10 util/delay.-h$\OML
/ztmcm/m/it/10 >$\OMS/ztmcm/m/n/10  \T1/pcr/m/n/10 #include $\OML/ztmcm/m/it/1
0 <$\T1/pcr/m/n/10 -M-H-V-_--Display-_--H-D44780.-
 []

[119]) (A:\eclipse\mhvlib\docs\latex\_m_h_v___display___h_d44780_8h.tex
[120])
(A:\eclipse\mhvlib\docs\latex\_m_h_v___display___h_d44780___direct___connect_8c
pp.tex
Underfull \hbox (badness 10000) in paragraph at lines 4--4
[]\OT1/phv/bc/n/14.4 -A-:/eclipse/mhvlib/-M-H-V-[]--Display-[]--H-D44780-[]--Di
rect-[]--Connect.cpp
 []


Underfull \hbox (badness 10000) in paragraph at lines 5--7
\T1/pcr/m/n/10 #include $\OML/ztmcm/m/it/10 <$\T1/pcr/m/n/10 util/delay.-h$\OML
/ztmcm/m/it/10 >$\OMS/ztmcm/m/n/10  \T1/pcr/m/n/10 #include $\OML/ztmcm/m/it/1
0 <$\T1/pcr/m/n/10 -M-H-V-_--Display-_--H-D44780-_--
 []


Package Fancyhdr Warning: \headheight is too small (12.0pt): 
 Make it at least 22.16548pt.
 We now make it that large for the rest of the document.
 This may cause the page layout to be inconsistent, however.

[121] [122])
(A:\eclipse\mhvlib\docs\latex\_m_h_v___display___h_d44780___direct___connect_8h
.tex
Underfull \hbox (badness 10000) in paragraph at lines 4--4
[]\OT1/phv/bc/n/14.4 -A-:/eclipse/mhvlib/-M-H-V-[]--Display-[]--H-D44780-[]--Di
rect-[]--Connect.h -
 []

)
(A:\eclipse\mhvlib\docs\latex\_m_h_v___display___h_d44780___shift___register_8c
pp.tex
Underfull \hbox (badness 10000) in paragraph at lines 5--8
\T1/pcr/m/n/10 #include $\OML/ztmcm/m/it/10 <$\T1/pcr/m/n/10 util/delay.-h$\OML
/ztmcm/m/it/10 >$\OMS/ztmcm/m/n/10  \T1/pcr/m/n/10 #include $\OML/ztmcm/m/it/1
0 <$\T1/pcr/m/n/10 -M-H-V-_--Display-_--H-D44780-_--
 []

[123])
(A:\eclipse\mhvlib\docs\latex\_m_h_v___display___h_d44780___shift___register_8h
.tex [124])
(A:\eclipse\mhvlib\docs\latex\_m_h_v___display___holtek___h_t1632_8cpp.tex
Underfull \hbox (badness 10000) in paragraph at lines 4--4
[]\OT1/phv/bc/n/14.4 -A-:/eclipse/mhvlib/-M-H-V-[]--Display-[]--Holtek-[]--H-T1
632.cpp -File -
 []


Underfull \hbox (badness 10000) in paragraph at lines 5--8
\T1/pcr/m/n/10 #include $\OML/ztmcm/m/it/10 <$\T1/pcr/m/n/10 stdio.-h$\OML/ztmc
m/m/it/10 >$\OMS/ztmcm/m/n/10  \T1/pcr/m/n/10 #include $\OML/ztmcm/m/it/10 <$\
T1/pcr/m/n/10 -M-H-V-_--Display-_--Holtek-_--H-T1632.-
 []

) (A:\eclipse\mhvlib\docs\latex\_m_h_v___display___holtek___h_t1632_8h.tex
[125] [126])
(A:\eclipse\mhvlib\docs\latex\_m_h_v___display___monochrome_8cpp.tex
Underfull \hbox (badness 10000) in paragraph at lines 4--4
[]\OT1/phv/bc/n/14.4 -A-:/eclipse/mhvlib/-M-H-V-[]--Display-[]--Monochrome.cpp 
-File -
 []

) (A:\eclipse\mhvlib\docs\latex\_m_h_v___display___monochrome_8h.tex
Underfull \hbox (badness 10000) in paragraph at lines 5--4
\T1/pcr/m/n/10 #include "-M-H-V-_--Display-_--Monochrome.-h"\OMS/ztmcm/m/n/10 
 \T1/pcr/m/n/10 #include $\OML/ztmcm/m/it/10 <$\T1/pcr/m/n/10 string.-h$\OML/zt
mcm/m/it/10 >$\OMS/ztmcm/m/n/10 
 []


Underfull \hbox (badness 2653) in paragraph at lines 5--10
\T1/pcr/m/n/10 #include $\OML/ztmcm/m/it/10 <$\T1/pcr/m/n/10 inttypes.-h$\OML/z
tmcm/m/it/10 >$\OMS/ztmcm/m/n/10  \T1/pcr/m/n/10 #include $\OML/ztmcm/m/it/10 
<$\T1/pcr/m/n/10 avr/pgmspace.-h$\OML/ztmcm/m/it/10 >$\OMS/ztmcm/m/n/10  \T1/p
cr/m/n/10 #include
 []


Underfull \hbox (badness 10000) in paragraph at lines 5--10
\OML/ztmcm/m/it/10 <$\T1/pcr/m/n/10 -M-H-V-_--Device-_--T-X.-h$\OML/ztmcm/m/it/
10 >$\OMS/ztmcm/m/n/10  \T1/pcr/m/n/10 #include $\OML/ztmcm/m/it/10 <$\T1/pcr/
m/n/10 -M-H-V-_-io.-h$\OML/ztmcm/m/it/10 >$\OMS/ztmcm/m/n/10  \T1/pcr/m/n/10 #
include $\OML/ztmcm/m/it/10 <$\T1/pcr/m/n/10 -M-H-V-_--
 []

)
(A:\eclipse\mhvlib\docs\latex\_m_h_v___display___monochrome___buffered_8cpp.tex

Underfull \hbox (badness 7981) in paragraph at lines 4--4
[]\OT1/phv/bc/n/14.4 -A-:/eclipse/mhvlib/-M-H-V-[]--Display-[]--Monochrome-[]--
Buffered.cpp -
 []


Underfull \hbox (badness 10000) in paragraph at lines 5--8
\T1/pcr/m/n/10 #include "-M-H-V-_--Display-_--Monochrome-_--Buffered.-h"\OMS/zt
mcm/m/n/10  \T1/pcr/m/n/10 #include
 []

[127])
(A:\eclipse\mhvlib\docs\latex\_m_h_v___display___monochrome___buffered_8h.tex
Underfull \hbox (badness 2653) in paragraph at lines 5--8
\T1/pcr/m/n/10 #include $\OML/ztmcm/m/it/10 <$\T1/pcr/m/n/10 inttypes.-h$\OML/z
tmcm/m/it/10 >$\OMS/ztmcm/m/n/10  \T1/pcr/m/n/10 #include $\OML/ztmcm/m/it/10 
<$\T1/pcr/m/n/10 avr/pgmspace.-h$\OML/ztmcm/m/it/10 >$\OMS/ztmcm/m/n/10  \T1/p
cr/m/n/10 #include
 []

) (A:\eclipse\mhvlib\docs\latex\_m_h_v___e_e_p_r_o_m_8cpp.tex)
(A:\eclipse\mhvlib\docs\latex\_m_h_v___e_e_p_r_o_m_8h.tex
Overfull \hbox (27.66544pt too wide) in paragraph at lines 5--8
\T1/pcr/m/n/10 #include $\OML/ztmcm/m/it/10 <$\T1/pcr/m/n/10 -M-H-V-_-io.-h$\OM
L/ztmcm/m/it/10 >$\OMS/ztmcm/m/n/10  \T1/pcr/m/n/10 #include $\OML/ztmcm/m/it/
10 <$\T1/pcr/m/n/10 -M-H-V-_--Lock.-h$\OML/ztmcm/m/it/10 >$\OMS/ztmcm/m/n/10  
\T1/pcr/m/n/10 #include $\OML/ztmcm/m/it/10 <$\T1/pcr/m/n/10 inttypes.-
 []

[128]) (A:\eclipse\mhvlib\docs\latex\_m_h_v___e_p_p_8cpp.tex)
(A:\eclipse\mhvlib\docs\latex\_m_h_v___e_p_p_8h.tex)
(A:\eclipse\mhvlib\docs\latex\_m_h_v___font_8h.tex [129])
(A:\eclipse\mhvlib\docs\latex\_m_h_v___font___sans_serif__10x8_8h.tex)
(A:\eclipse\mhvlib\docs\latex\_m_h_v___gamma_correct_8cpp.tex
Underfull \hbox (badness 10000) in paragraph at lines 5--4
\T1/pcr/m/n/10 #include $\OML/ztmcm/m/it/10 <$\T1/pcr/m/n/10 -M-H-V-_--Font.-h$
\OML/ztmcm/m/it/10 >$\OMS/ztmcm/m/n/10  \T1/pcr/m/n/10 #include $\OML/ztmcm/m/
it/10 <$\T1/pcr/m/n/10 inttypes.-h$\OML/ztmcm/m/it/10 >$\OMS/ztmcm/m/n/10  \T1
/pcr/m/n/10 #include
 []

) (A:\eclipse\mhvlib\docs\latex\_m_h_v___gamma_correct_8h.tex [130]
Overfull \hbox (39.66544pt too wide) in paragraph at lines 5--8
\T1/pcr/m/n/10 #include $\OML/ztmcm/m/it/10 <$\T1/pcr/m/n/10 inttypes.-h$\OML/z
tmcm/m/it/10 >$\OMS/ztmcm/m/n/10  \T1/pcr/m/n/10 #include $\OML/ztmcm/m/it/10 
<$\T1/pcr/m/n/10 math.-h$\OML/ztmcm/m/it/10 >$\OMS/ztmcm/m/n/10  \T1/pcr/m/n/1
0 #include $\OML/ztmcm/m/it/10 <$\T1/pcr/m/n/10 avr/pgmspace.-
 []


Underfull \hbox (badness 3826) in paragraph at lines 11--12
[]\T1/phv/m/n/10 #define [][]-M-H-V-_--P-R-E-C-A-L-C-U-L-A-T-E-D-_--G-A-M-M-A-_
--C-O-R-R-E-C-T[][](gamma-Value) pgm-_-
 []

) (A:\eclipse\mhvlib\docs\latex\_m_h_v___hardware_serial_8cpp.tex)
(A:\eclipse\mhvlib\docs\latex\_m_h_v___hardware_serial_8h.tex
Underfull \hbox (badness 10000) in paragraph at lines 5--4
\T1/pcr/m/n/10 #include $\OML/ztmcm/m/it/10 <$\T1/pcr/m/n/10 stdio.-h$\OML/ztmc
m/m/it/10 >$\OMS/ztmcm/m/n/10  \T1/pcr/m/n/10 #include $\OML/ztmcm/m/it/10 <$\
T1/pcr/m/n/10 avr/sfr-_-defs.-h$\OML/ztmcm/m/it/10 >$\OMS/ztmcm/m/n/10  \T1/pc
r/m/n/10 #include
 []


Underfull \hbox (badness 10000) in paragraph at lines 5--4
\OML/ztmcm/m/it/10 <$\T1/pcr/m/n/10 avr/pgmspace.-h$\OML/ztmcm/m/it/10 >$\OMS/z
tmcm/m/n/10  \T1/pcr/m/n/10 #include $\OML/ztmcm/m/it/10 <$\T1/pcr/m/n/10 stdl
ib.-h$\OML/ztmcm/m/it/10 >$\OMS/ztmcm/m/n/10  \T1/pcr/m/n/10 #include $\OML/zt
mcm/m/it/10 <$\T1/pcr/m/n/10 string.-
 []


Underfull \hbox (badness 4569) in paragraph at lines 5--4
\T1/pcr/m/n/10 h$\OML/ztmcm/m/it/10 >$\OMS/ztmcm/m/n/10  \T1/pcr/m/n/10 #inclu
de $\OML/ztmcm/m/it/10 <$\T1/pcr/m/n/10 inttypes.-h$\OML/ztmcm/m/it/10 >$\OMS/z
tmcm/m/n/10  \T1/pcr/m/n/10 #include "-M-H-V-_--Hardware-Serial.-h"\OMS/ztmcm/
m/n/10 
 []

[131]
Underfull \hbox (badness 1365) in paragraph at lines 5--13
\OML/ztmcm/m/it/10 <$\T1/pcr/m/n/10 -M-H-V-_-io.-h$\OML/ztmcm/m/it/10 >$\OMS/zt
mcm/m/n/10  \T1/pcr/m/n/10 #include $\OML/ztmcm/m/it/10 <$\T1/pcr/m/n/10 stdio
.-h$\OML/ztmcm/m/it/10 >$\OMS/ztmcm/m/n/10  \T1/pcr/m/n/10 #include $\OML/ztmc
m/m/it/10 <$\T1/pcr/m/n/10 -M-H-V-_--Ring-Buffer.-
 []


Underfull \hbox (badness 10000) in paragraph at lines 5--13
\T1/pcr/m/n/10 h$\OML/ztmcm/m/it/10 >$\OMS/ztmcm/m/n/10  \T1/pcr/m/n/10 #inclu
de $\OML/ztmcm/m/it/10 <$\T1/pcr/m/n/10 avr/pgmspace.-h$\OML/ztmcm/m/it/10 >$\O
MS/ztmcm/m/n/10  \T1/pcr/m/n/10 #include $\OML/ztmcm/m/it/10 <$\T1/pcr/m/n/10 
-M-H-V-_--Device-_--T-X.-h$\OML/ztmcm/m/it/10 >$\OMS/ztmcm/m/n/10 
 []


Underfull \hbox (badness 10000) in paragraph at lines 21--23
[]\T1/phv/m/n/10 #define [][]-M-H-V-_--H-A-R-D-W-A-R-E-S-E-R-I-A-L-_--A-S-S-I-G
-N-_--I-N-T-E-R-R-U-P-T-S[][](mhv-Hardware-
 []


Underfull \hbox (badness 10000) in paragraph at lines 23--25
[]\T1/phv/m/n/10 #define [][]-_--M-H-V-_--H-A-R-D-W-A-R-E-S-E-R-I-A-L-_--A-S-S-
I-G-N-_--I-N-T-E-R-R-U-P-T-S[][](mhv-Hardware-
 []

[132]
Overfull \hbox (24.60023pt too wide) in paragraph at lines 86--86
[]                \T1/pcr/m/n/8 MHV_TX_BUFFER_CREATE(_mhvObjectName ## TX, _mhv
TXBUFCOUNT); \[] 
 []


Overfull \hbox (34.20024pt too wide) in paragraph at lines 89--89
[]                \T1/pcr/m/n/8 MHV_HARDWARESERIAL_ASSIGN_INTERRUPTS(_mhvObject
Name, _mhvSERIAL[] 
 []


Underfull \vbox (badness 10000) detected at line 104
 []


Overfull \hbox (34.20024pt too wide) in paragraph at lines 123--123
[]        \T1/pcr/m/n/8 __dbg_serial.debug(__FILE__, __LINE__, __FUNCTION__, PS
TR(__dbg_format)[] 
 []

) (A:\eclipse\mhvlib\docs\latex\_m_h_v__io_8h.tex
Overfull \hbox (15.66544pt too wide) in paragraph at lines 5--9
\T1/pcr/m/n/10 #include $\OML/ztmcm/m/it/10 <$\T1/pcr/m/n/10 avr/io.-h$\OML/ztm
cm/m/it/10 >$\OMS/ztmcm/m/n/10  \T1/pcr/m/n/10 #include $\OML/ztmcm/m/it/10 <$
\T1/pcr/m/n/10 inttypes.-h$\OML/ztmcm/m/it/10 >$\OMS/ztmcm/m/n/10  \T1/pcr/m/n
/10 #include $\OML/ztmcm/m/it/10 <$\T1/pcr/m/n/10 stddef.-
 []

[133] [134] [135]
LaTeX Font Info:    Try loading font information for OMS+phv on input line 285.

 ("C:\Program Files (x86)\MiKTeX 2.9\tex\latex\psnfss\omsphv.fd"
File: omsphv.fd 
)

LaTeX Font Warning: Font shape `OMS/phv/bc/n' undefined
(Font)              using `OMS/phv/m/n' instead
(Font)              for symbol `textbraceleft' on input line 285.

LaTeX Font Info:    Font shape `OMS/phv/m/n' in size <10> not available
(Font)              Font shape `OMS/cmsy/m/n' tried instead on input line 285.
LaTeX Font Info:    Font shape `OMS/phv/bc/n' in size <10> not available
(Font)              Font shape `OMS/cmsy/m/n' tried instead on input line 285.
[136]
Underfull \vbox (badness 10000) detected at line 313
 []


Underfull \vbox (badness 10000) detected at line 334
 []


Underfull \vbox (badness 10000) detected at line 352
 []


Underfull \vbox (badness 6792) has occurred while \output is active []

 [137]
Overfull \hbox (34.20024pt too wide) in paragraph at lines 370--370
[]                \T1/pcr/m/n/8 _mhv_enableExternalInterrupt(mhvInterruptParms,
mhvInterruptMode[] 
 []


Underfull \vbox (badness 10000) detected at line 380
 []


Underfull \vbox (badness 10000) detected at line 398
 []


Underfull \vbox (badness 10000) detected at line 428
 []

[138]
Underfull \vbox (badness 10000) detected at line 446
 []


Underfull \vbox (badness 10000) detected at line 464
 []


Underfull \vbox (badness 10000) detected at line 482
 []

[139]
Underfull \hbox (badness 5741) in paragraph at lines 549--553
[]\T1/phv/m/n/10 -M-H-V-_--I-N-T-E-R-R-U-P-T-_--F-A-L-L-I-N-G to edge trig-ger
 []


Underfull \vbox (badness 10000) detected at line 582
 []


Underfull \vbox (badness 10000) detected at line 603
 []


Underfull \vbox (badness 1377) has occurred while \output is active []

 [140]
Underfull \vbox (badness 10000) detected at line 621
 []


Underfull \vbox (badness 10000) detected at line 651
 []


Underfull \vbox (badness 10000) detected at line 669
 []


Underfull \vbox (badness 10000) detected at line 699
 []


Overfull \vbox (11.91364pt too high) has occurred while \output is active []


[141]
Underfull \vbox (badness 10000) detected at line 717
 []


Underfull \vbox (badness 10000) detected at line 747
 []


Underfull \vbox (badness 10000) detected at line 765
 []


Underfull \vbox (badness 10000) detected at line 795
 []

[142]
Underfull \vbox (badness 10000) detected at line 813
 []


Underfull \vbox (badness 10000) detected at line 843
 []


Underfull \vbox (badness 10000) detected at line 876
 []


Underfull \vbox (badness 10000) has occurred while \output is active []

 [143]
Underfull \vbox (badness 10000) detected at line 909
 []


Underfull \vbox (badness 10000) detected at line 927
 []


Underfull \vbox (badness 10000) detected at line 957
 []

[144]
Underfull \vbox (badness 10000) detected at line 975
 []


Underfull \vbox (badness 10000) detected at line 1005
 []


Underfull \vbox (badness 10000) detected at line 1023
 []


Underfull \vbox (badness 10000) detected at line 1053
 []

[145]
Underfull \vbox (badness 10000) detected at line 1071
 []


Underfull \vbox (badness 10000) detected at line 1101
 []


Underfull \vbox (badness 10000) detected at line 1119
 []


Underfull \vbox (badness 10000) detected at line 1149
 []


Overfull \vbox (11.91364pt too high) has occurred while \output is active []


[146]
Underfull \vbox (badness 10000) detected at line 1167
 []


Underfull \vbox (badness 10000) detected at line 1197
 []


Underfull \vbox (badness 10000) detected at line 1215
 []


Underfull \vbox (badness 10000) detected at line 1245
 []

[147]
Underfull \vbox (badness 10000) detected at line 1263
 []


Underfull \vbox (badness 10000) detected at line 1293
 []

) (A:\eclipse\mhvlib\docs\latex\_m_h_v__io___arduino_diecimilla_8h.tex [148]
[149] [150]) (A:\eclipse\mhvlib\docs\latex\_m_h_v__io___arduino_mega_8h.tex
[151] [152] [153] [154] [155] [156] [157] [158])
(A:\eclipse\mhvlib\docs\latex\_m_h_v__io___a_tmega1280_8h.tex [159] [160]
[161] [162] [163] [164] [165] [166] [167] [168] [169] [170] [171] [172]
[173] [174] [175] [176] [177] [178] [179] [180] [181] [182])
(A:\eclipse\mhvlib\docs\latex\_m_h_v__io___a_tmega168_8h.tex [183] [184]
[185] [186] [187] [188] [189] [190])
(A:\eclipse\mhvlib\docs\latex\_m_h_v__io___a_ttiny2313_8h.tex [191] [192]
[193] [194]) (A:\eclipse\mhvlib\docs\latex\_m_h_v__io___a_ttiny85_8h.tex
[195] [196] [197] [198] [199])
(A:\eclipse\mhvlib\docs\latex\_m_h_v___lock_8cpp.tex)
(A:\eclipse\mhvlib\docs\latex\_m_h_v___lock_8h.tex [200])
(A:\eclipse\mhvlib\docs\latex\_m_h_v___p_i_d_8cpp.tex)
(A:\eclipse\mhvlib\docs\latex\_m_h_v___p_i_d_8h.tex)
(A:\eclipse\mhvlib\docs\latex\_m_h_v___pin_change_manager_8cpp.tex)
(A:\eclipse\mhvlib\docs\latex\_m_h_v___pin_change_manager_8h.tex
Underfull \hbox (badness 10000) in paragraph at lines 19--21
[]\T1/phv/m/n/10 #define [][]-M-H-V-_--P-I-N-C-H-A-N-G-E-_--M-A-N-A-G-E-R-_--A-
S-S-I-G-N-_--P-C-I-N-T[][](-_--_--_-mhv-Event-
 []


Underfull \hbox (badness 10000) in paragraph at lines 21--23
[]\T1/phv/m/n/10 #define [][]-M-H-V-_--P-I-N-C-H-A-N-G-E-_--M-A-N-A-G-E-R-_--A-
S-S-I-G-N-_--P-C-I-N-T0[][](-_--_--_-mhv-Event-
 []


Underfull \hbox (badness 10000) in paragraph at lines 23--25
[]\T1/phv/m/n/10 #define [][]-M-H-V-_--P-I-N-C-H-A-N-G-E-_--M-A-N-A-G-E-R-_--A-
S-S-I-G-N-_--P-C-I-N-T1[][](-_--_--_-mhv-Event-
 []

[201]
Underfull \hbox (badness 10000) in paragraph at lines 25--27
[]\T1/phv/m/n/10 #define [][]-M-H-V-_--P-I-N-C-H-A-N-G-E-_--M-A-N-A-G-E-R-_--A-
S-S-I-G-N-_--P-C-I-N-T2[][](-_--_--_-mhv-Event-
 []


Underfull \hbox (badness 10000) in paragraph at lines 27--28
\T1/phv/m/n/10 Manager) -M-H-V-_--P-I-N-C-H-A-N-G-E-_--M-A-N-A-G-E-R-_--A-S-S-I
-G-N-_--P-C-I-N-T(-_--_-mhv-Event-
 []

[202]) (A:\eclipse\mhvlib\docs\latex\_m_h_v___p_w_m_matrix_8cpp.tex
Underfull \hbox (badness 10000) in paragraph at lines 5--8
\T1/pcr/m/n/10 #include "-M-H-V-_--P-W-M-Matrix.-h"\OMS/ztmcm/m/n/10  \T1/pcr/
m/n/10 #include $\OML/ztmcm/m/it/10 <$\T1/pcr/m/n/10 string.-h$\OML/ztmcm/m/it/
10 >$\OMS/ztmcm/m/n/10  \T1/pcr/m/n/10 #include
 []

) (A:\eclipse\mhvlib\docs\latex\_m_h_v___p_w_m_matrix_8h.tex
Underfull \hbox (badness 10000) in paragraph at lines 5--7
\T1/pcr/m/n/10 #include $\OML/ztmcm/m/it/10 <$\T1/pcr/m/n/10 inttypes.-h$\OML/z
tmcm/m/it/10 >$\OMS/ztmcm/m/n/10  \T1/pcr/m/n/10 #include $\OML/ztmcm/m/it/10 
<$\T1/pcr/m/n/10 -M-H-V-_--Display-_--Monochrome-_--
 []

[203]) (A:\eclipse\mhvlib\docs\latex\_m_h_v___ring_buffer_8cpp.tex)
(A:\eclipse\mhvlib\docs\latex\_m_h_v___ring_buffer_8h.tex)
(A:\eclipse\mhvlib\docs\latex\_m_h_v___r_t_c_8cpp.tex
Underfull \hbox (badness 10000) in paragraph at lines 5--8
\T1/pcr/m/n/10 #include $\OML/ztmcm/m/it/10 <$\T1/pcr/m/n/10 -M-H-V-_--R-T-C.-h
$\OML/ztmcm/m/it/10 >$\OMS/ztmcm/m/n/10  \T1/pcr/m/n/10 #include $\OML/ztmcm/m
/it/10 <$\T1/pcr/m/n/10 avr/pgmspace.-h$\OML/ztmcm/m/it/10 >$\OMS/ztmcm/m/n/10 
 \T1/pcr/m/n/10 #include
 []

[204]
Underfull \vbox (badness 10000) detected at line 48
 []

[205]
Underfull \vbox (badness 10000) detected at line 85
 []


Underfull \vbox (badness 10000) detected at line 112
 []


Underfull \vbox (badness 10000) detected at line 133
 []

[206]
Underfull \vbox (badness 10000) detected at line 158
 []

) (A:\eclipse\mhvlib\docs\latex\_m_h_v___r_t_c_8h.tex [207] [208] [209]
Underfull \vbox (badness 10000) detected at line 254
 []


Underfull \vbox (badness 10000) detected at line 291
 []


Underfull \vbox (badness 10000) detected at line 318
 []


Overfull \vbox (12.59444pt too high) has occurred while \output is active []


[210]
Underfull \vbox (badness 10000) detected at line 339
 []


Underfull \vbox (badness 10000) detected at line 364
 []

) (A:\eclipse\mhvlib\docs\latex\_m_h_v___servo_control_8cpp.tex)
(A:\eclipse\mhvlib\docs\latex\_m_h_v___servo_control_8h.tex)
(A:\eclipse\mhvlib\docs\latex\_m_h_v___shifter_8cpp.tex [211])
(A:\eclipse\mhvlib\docs\latex\_m_h_v___shifter_8h.tex
Underfull \hbox (badness 1072) in paragraph at lines 29--31
[]\T1/phv/m/n/10 #define [][]-M-H-V-_--S-H-I-F-T-O-U-T-_--A-R-R-A-Y-_--C-L-O-C-
K-E-D-_--R-I-S-I-N-G[][](mhv-_-data, mhv-_-data-
 []

[212] [213]) (A:\eclipse\mhvlib\docs\latex\_m_h_v___software_h_bridge_8cpp.tex)
(A:\eclipse\mhvlib\docs\latex\_m_h_v___software_h_bridge_8h.tex)
(A:\eclipse\mhvlib\docs\latex\_m_h_v___timer16_8cpp.tex)
(A:\eclipse\mhvlib\docs\latex\_m_h_v___timer16_8h.tex
Underfull \hbox (badness 10000) in paragraph at lines 5--4
\T1/pcr/m/n/10 #include $\OML/ztmcm/m/it/10 <$\T1/pcr/m/n/10 -M-H-V-_--Timer16.
-h$\OML/ztmcm/m/it/10 >$\OMS/ztmcm/m/n/10  \T1/pcr/m/n/10 #include $\OML/ztmcm
/m/it/10 <$\T1/pcr/m/n/10 avr/interrupt.-h$\OML/ztmcm/m/it/10 >$\OMS/ztmcm/m/n/
10 
 []

[214]) (A:\eclipse\mhvlib\docs\latex\_m_h_v___timer8_8cpp.tex)
(A:\eclipse\mhvlib\docs\latex\_m_h_v___timer8_8h.tex
Overfull \hbox (20.58585pt too wide) in paragraph at lines 5--4
\T1/pcr/m/n/10 #include "-M-H-V-_--Timer8.-h"\OMS/ztmcm/m/n/10  \T1/pcr/m/n/10
 #include "-M-H-V-_-io.-h"\OMS/ztmcm/m/n/10  \T1/pcr/m/n/10 #include $\OML/ztm
cm/m/it/10 <$\T1/pcr/m/n/10 avr/io.-
 []


Underfull \hbox (badness 10000) in paragraph at lines 20--22
[]\T1/phv/m/n/10 #define [][]-_--M-H-V-_--T-I-M-E-R-_--A-S-S-I-G-N-_-1-I-N-T-E-
R-R-U-P-T[][](mhv-Timer, mhv-Timer-Vect1,
 []


Underfull \hbox (badness 3612) in paragraph at lines 24--25
[]\T1/phv/m/n/10 #define [][]-_--M-H-V-_--T-I-M-E-R-_--A-S-S-I-G-N-_-2-I-N-T-E-
R-R-U-P-T-S[][](mhv-Timer, mhv-Timer-Vect1,
 []

[215] [216] [217])
(A:\eclipse\mhvlib\docs\latex\_m_h_v___voltage_regulator_8cpp.tex)
(A:\eclipse\mhvlib\docs\latex\_m_h_v___voltage_regulator_8h.tex
Underfull \hbox (badness 10000) in paragraph at lines 5--4
\T1/pcr/m/n/10 #include $\OML/ztmcm/m/it/10 <$\T1/pcr/m/n/10 -M-H-V-_-io.-h$\OM
L/ztmcm/m/it/10 >$\OMS/ztmcm/m/n/10  \T1/pcr/m/n/10 #include $\OML/ztmcm/m/it/
10 <$\T1/pcr/m/n/10 -M-H-V-_--Voltage-Regulator.-h$\OML/ztmcm/m/it/10 >$\OMS/zt
mcm/m/n/10 
 []

) (A:\eclipse\mhvlib\docs\latex\refman.ind)
Package atveryend Info: Empty hook `BeforeClearDocument' on input line 178.
 [218] [219]
Package atveryend Info: Empty hook `AfterLastShipout' on input line 178.

(A:\eclipse\mhvlib\docs\latex\refman.aux)
Package atveryend Info: Executing hook `AtVeryEndDocument' on input line 178.
Package atveryend Info: Executing hook `AtEndAfterFileList' on input line 178.
Package rerunfilecheck Info: File `refman.out' has not changed.
(rerunfilecheck)             Checksum: A8B779591E2FBD608C3EE4BDEC58A76A;211641.



LaTeX Font Warning: Some font shapes were not available, defaults substituted.

 ) 
Here is how much of TeX's memory you used:
 16550 strings out of 494045
 387201 string characters out of 3145968
 413692 words of memory out of 3000000
 16334 multiletter control sequences out of 15000+200000
 61944 words of font info for 79 fonts, out of 3000000 for 9000
 715 hyphenation exceptions out of 8191
 41i,13n,58p,1120b,1306s stack positions out of 5000i,500n,10000p,200000b,50000s
{C:/Program Files (x86)/MiKTeX 2.9/fonts/enc/dvips/fontname/8r.enc}<C:/Progra
m Files (x86)/MiKTeX 2.9/fonts/type1/public/amsfonts/cm/cmmi10.pfb><C:/Program 
Files (x86)/MiKTeX 2.9/fonts/type1/public/amsfonts/cm/cmsy10.pfb><C:/Program Fi
les (x86)/MiKTeX 2.9/fonts/type1/urw/courier/ucrr8a.pfb><C:/Program Files (x86)
/MiKTeX 2.9/fonts/type1/urw/helvetic/uhvb8a.pfb><C:/Program Files (x86)/MiKTeX 
2.9/fonts/type1/urw/helvetic/uhvb8ac.pfb><C:/Program Files (x86)/MiKTeX 2.9/fon
ts/type1/urw/helvetic/uhvbo8a.pfb><C:/Program Files (x86)/MiKTeX 2.9/fonts/type
1/urw/helvetic/uhvbo8ac.pfb><C:/Program Files (x86)/MiKTeX 2.9/fonts/type1/urw/
helvetic/uhvr8a.pfb><C:/Program Files (x86)/MiKTeX 2.9/fonts/type1/urw/helvetic
/uhvro8a.pfb>
Output written on refman.pdf (259 pages, 2164077 bytes).
PDF statistics:
 11522 PDF objects out of 12825 (max. 8388607)
 3094 named destinations out of 3580 (max. 500000)
 10185 words of extra memory for PDF output out of 12000 (max. 10000000)

